[2024-01-27T23:33:32.639+0000] {processor.py:157} INFO - Started process (PID=10616) to work on /opt/airflow/dags/load_student_json_dag.py
[2024-01-27T23:33:32.640+0000] {processor.py:829} INFO - Processing file /opt/airflow/dags/load_student_json_dag.py for tasks to queue
[2024-01-27T23:33:32.640+0000] {logging_mixin.py:154} INFO - [2024-01-27T23:33:32.640+0000] {dagbag.py:536} INFO - Filling up the DagBag from /opt/airflow/dags/load_student_json_dag.py
[2024-01-27T23:33:32.647+0000] {logging_mixin.py:154} INFO - [2024-01-27T23:33:32.646+0000] {dagbag.py:346} ERROR - Failed to import: /opt/airflow/dags/load_student_json_dag.py
Traceback (most recent call last):
  File "/home/airflow/.local/lib/python3.8/site-packages/airflow/models/dagbag.py", line 342, in parse
    loader.exec_module(new_module)
  File "<frozen importlib._bootstrap_external>", line 843, in exec_module
  File "<frozen importlib._bootstrap>", line 219, in _call_with_frames_removed
  File "/opt/airflow/dags/load_student_json_dag.py", line 5, in <module>
    from scripts.paths import RAW_DATA_DIR, TRANSFORMED_DATA_DIR
ModuleNotFoundError: No module named 'scripts'
[2024-01-27T23:33:32.648+0000] {processor.py:841} WARNING - No viable dags retrieved from /opt/airflow/dags/load_student_json_dag.py
[2024-01-27T23:33:32.662+0000] {processor.py:179} INFO - Processing /opt/airflow/dags/load_student_json_dag.py took 0.025 seconds
[2024-01-27T23:34:02.959+0000] {processor.py:157} INFO - Started process (PID=10637) to work on /opt/airflow/dags/load_student_json_dag.py
[2024-01-27T23:34:02.960+0000] {processor.py:829} INFO - Processing file /opt/airflow/dags/load_student_json_dag.py for tasks to queue
[2024-01-27T23:34:02.961+0000] {logging_mixin.py:154} INFO - [2024-01-27T23:34:02.961+0000] {dagbag.py:536} INFO - Filling up the DagBag from /opt/airflow/dags/load_student_json_dag.py
[2024-01-27T23:34:02.968+0000] {logging_mixin.py:154} INFO - [2024-01-27T23:34:02.967+0000] {dagbag.py:346} ERROR - Failed to import: /opt/airflow/dags/load_student_json_dag.py
Traceback (most recent call last):
  File "/home/airflow/.local/lib/python3.8/site-packages/airflow/models/dagbag.py", line 342, in parse
    loader.exec_module(new_module)
  File "<frozen importlib._bootstrap_external>", line 843, in exec_module
  File "<frozen importlib._bootstrap>", line 219, in _call_with_frames_removed
  File "/opt/airflow/dags/load_student_json_dag.py", line 5, in <module>
    from scripts.paths import RAW_DATA_DIR, TRANSFORMED_DATA_DIR
ModuleNotFoundError: No module named 'scripts'
[2024-01-27T23:34:02.968+0000] {processor.py:841} WARNING - No viable dags retrieved from /opt/airflow/dags/load_student_json_dag.py
[2024-01-27T23:34:02.987+0000] {processor.py:179} INFO - Processing /opt/airflow/dags/load_student_json_dag.py took 0.032 seconds
[2024-01-27T23:34:33.292+0000] {processor.py:157} INFO - Started process (PID=10666) to work on /opt/airflow/dags/load_student_json_dag.py
[2024-01-27T23:34:33.293+0000] {processor.py:829} INFO - Processing file /opt/airflow/dags/load_student_json_dag.py for tasks to queue
[2024-01-27T23:34:33.294+0000] {logging_mixin.py:154} INFO - [2024-01-27T23:34:33.294+0000] {dagbag.py:536} INFO - Filling up the DagBag from /opt/airflow/dags/load_student_json_dag.py
[2024-01-27T23:34:33.299+0000] {logging_mixin.py:154} INFO - [2024-01-27T23:34:33.298+0000] {dagbag.py:346} ERROR - Failed to import: /opt/airflow/dags/load_student_json_dag.py
Traceback (most recent call last):
  File "/home/airflow/.local/lib/python3.8/site-packages/airflow/models/dagbag.py", line 342, in parse
    loader.exec_module(new_module)
  File "<frozen importlib._bootstrap_external>", line 843, in exec_module
  File "<frozen importlib._bootstrap>", line 219, in _call_with_frames_removed
  File "/opt/airflow/dags/load_student_json_dag.py", line 5, in <module>
    from scripts.paths import RAW_DATA_DIR, TRANSFORMED_DATA_DIR
ModuleNotFoundError: No module named 'scripts'
[2024-01-27T23:34:33.299+0000] {processor.py:841} WARNING - No viable dags retrieved from /opt/airflow/dags/load_student_json_dag.py
[2024-01-27T23:34:33.319+0000] {processor.py:179} INFO - Processing /opt/airflow/dags/load_student_json_dag.py took 0.031 seconds
[2024-01-27T23:35:03.618+0000] {processor.py:157} INFO - Started process (PID=10695) to work on /opt/airflow/dags/load_student_json_dag.py
[2024-01-27T23:35:03.620+0000] {processor.py:829} INFO - Processing file /opt/airflow/dags/load_student_json_dag.py for tasks to queue
[2024-01-27T23:35:03.621+0000] {logging_mixin.py:154} INFO - [2024-01-27T23:35:03.621+0000] {dagbag.py:536} INFO - Filling up the DagBag from /opt/airflow/dags/load_student_json_dag.py
[2024-01-27T23:35:03.629+0000] {logging_mixin.py:154} INFO - [2024-01-27T23:35:03.627+0000] {dagbag.py:346} ERROR - Failed to import: /opt/airflow/dags/load_student_json_dag.py
Traceback (most recent call last):
  File "/home/airflow/.local/lib/python3.8/site-packages/airflow/models/dagbag.py", line 342, in parse
    loader.exec_module(new_module)
  File "<frozen importlib._bootstrap_external>", line 843, in exec_module
  File "<frozen importlib._bootstrap>", line 219, in _call_with_frames_removed
  File "/opt/airflow/dags/load_student_json_dag.py", line 5, in <module>
    from scripts.paths import RAW_DATA_DIR, TRANSFORMED_DATA_DIR
ModuleNotFoundError: No module named 'scripts'
[2024-01-27T23:35:03.629+0000] {processor.py:841} WARNING - No viable dags retrieved from /opt/airflow/dags/load_student_json_dag.py
[2024-01-27T23:35:03.650+0000] {processor.py:179} INFO - Processing /opt/airflow/dags/load_student_json_dag.py took 0.037 seconds
[2024-01-27T23:35:33.933+0000] {processor.py:157} INFO - Started process (PID=10724) to work on /opt/airflow/dags/load_student_json_dag.py
[2024-01-27T23:35:33.934+0000] {processor.py:829} INFO - Processing file /opt/airflow/dags/load_student_json_dag.py for tasks to queue
[2024-01-27T23:35:33.935+0000] {logging_mixin.py:154} INFO - [2024-01-27T23:35:33.935+0000] {dagbag.py:536} INFO - Filling up the DagBag from /opt/airflow/dags/load_student_json_dag.py
[2024-01-27T23:35:33.941+0000] {logging_mixin.py:154} INFO - [2024-01-27T23:35:33.940+0000] {dagbag.py:346} ERROR - Failed to import: /opt/airflow/dags/load_student_json_dag.py
Traceback (most recent call last):
  File "/home/airflow/.local/lib/python3.8/site-packages/airflow/models/dagbag.py", line 342, in parse
    loader.exec_module(new_module)
  File "<frozen importlib._bootstrap_external>", line 843, in exec_module
  File "<frozen importlib._bootstrap>", line 219, in _call_with_frames_removed
  File "/opt/airflow/dags/load_student_json_dag.py", line 5, in <module>
    from scripts.paths import RAW_DATA_DIR, TRANSFORMED_DATA_DIR
ModuleNotFoundError: No module named 'scripts'
[2024-01-27T23:35:33.942+0000] {processor.py:841} WARNING - No viable dags retrieved from /opt/airflow/dags/load_student_json_dag.py
[2024-01-27T23:35:33.961+0000] {processor.py:179} INFO - Processing /opt/airflow/dags/load_student_json_dag.py took 0.032 seconds
[2024-01-27T23:36:04.208+0000] {processor.py:157} INFO - Started process (PID=10745) to work on /opt/airflow/dags/load_student_json_dag.py
[2024-01-27T23:36:04.209+0000] {processor.py:829} INFO - Processing file /opt/airflow/dags/load_student_json_dag.py for tasks to queue
[2024-01-27T23:36:04.210+0000] {logging_mixin.py:154} INFO - [2024-01-27T23:36:04.210+0000] {dagbag.py:536} INFO - Filling up the DagBag from /opt/airflow/dags/load_student_json_dag.py
[2024-01-27T23:36:04.217+0000] {logging_mixin.py:154} INFO - [2024-01-27T23:36:04.216+0000] {dagbag.py:346} ERROR - Failed to import: /opt/airflow/dags/load_student_json_dag.py
Traceback (most recent call last):
  File "/home/airflow/.local/lib/python3.8/site-packages/airflow/models/dagbag.py", line 342, in parse
    loader.exec_module(new_module)
  File "<frozen importlib._bootstrap_external>", line 843, in exec_module
  File "<frozen importlib._bootstrap>", line 219, in _call_with_frames_removed
  File "/opt/airflow/dags/load_student_json_dag.py", line 5, in <module>
    from scripts.paths import RAW_DATA_DIR, TRANSFORMED_DATA_DIR
ModuleNotFoundError: No module named 'scripts'
[2024-01-27T23:36:04.217+0000] {processor.py:841} WARNING - No viable dags retrieved from /opt/airflow/dags/load_student_json_dag.py
[2024-01-27T23:36:04.236+0000] {processor.py:179} INFO - Processing /opt/airflow/dags/load_student_json_dag.py took 0.032 seconds
[2024-01-27T23:36:34.545+0000] {processor.py:157} INFO - Started process (PID=10774) to work on /opt/airflow/dags/load_student_json_dag.py
[2024-01-27T23:36:34.546+0000] {processor.py:829} INFO - Processing file /opt/airflow/dags/load_student_json_dag.py for tasks to queue
[2024-01-27T23:36:34.547+0000] {logging_mixin.py:154} INFO - [2024-01-27T23:36:34.547+0000] {dagbag.py:536} INFO - Filling up the DagBag from /opt/airflow/dags/load_student_json_dag.py
[2024-01-27T23:36:34.554+0000] {logging_mixin.py:154} INFO - [2024-01-27T23:36:34.552+0000] {dagbag.py:346} ERROR - Failed to import: /opt/airflow/dags/load_student_json_dag.py
Traceback (most recent call last):
  File "/home/airflow/.local/lib/python3.8/site-packages/airflow/models/dagbag.py", line 342, in parse
    loader.exec_module(new_module)
  File "<frozen importlib._bootstrap_external>", line 843, in exec_module
  File "<frozen importlib._bootstrap>", line 219, in _call_with_frames_removed
  File "/opt/airflow/dags/load_student_json_dag.py", line 5, in <module>
    from scripts.paths import RAW_DATA_DIR, TRANSFORMED_DATA_DIR
ModuleNotFoundError: No module named 'scripts'
[2024-01-27T23:36:34.554+0000] {processor.py:841} WARNING - No viable dags retrieved from /opt/airflow/dags/load_student_json_dag.py
[2024-01-27T23:36:34.573+0000] {processor.py:179} INFO - Processing /opt/airflow/dags/load_student_json_dag.py took 0.032 seconds
[2024-01-27T23:37:04.861+0000] {processor.py:157} INFO - Started process (PID=10803) to work on /opt/airflow/dags/load_student_json_dag.py
[2024-01-27T23:37:04.863+0000] {processor.py:829} INFO - Processing file /opt/airflow/dags/load_student_json_dag.py for tasks to queue
[2024-01-27T23:37:04.864+0000] {logging_mixin.py:154} INFO - [2024-01-27T23:37:04.863+0000] {dagbag.py:536} INFO - Filling up the DagBag from /opt/airflow/dags/load_student_json_dag.py
[2024-01-27T23:37:04.870+0000] {logging_mixin.py:154} INFO - [2024-01-27T23:37:04.869+0000] {dagbag.py:346} ERROR - Failed to import: /opt/airflow/dags/load_student_json_dag.py
Traceback (most recent call last):
  File "/home/airflow/.local/lib/python3.8/site-packages/airflow/models/dagbag.py", line 342, in parse
    loader.exec_module(new_module)
  File "<frozen importlib._bootstrap_external>", line 843, in exec_module
  File "<frozen importlib._bootstrap>", line 219, in _call_with_frames_removed
  File "/opt/airflow/dags/load_student_json_dag.py", line 5, in <module>
    from scripts.paths import RAW_DATA_DIR, TRANSFORMED_DATA_DIR
ModuleNotFoundError: No module named 'scripts'
[2024-01-27T23:37:04.871+0000] {processor.py:841} WARNING - No viable dags retrieved from /opt/airflow/dags/load_student_json_dag.py
[2024-01-27T23:37:04.889+0000] {processor.py:179} INFO - Processing /opt/airflow/dags/load_student_json_dag.py took 0.032 seconds
[2024-01-27T23:37:35.166+0000] {processor.py:157} INFO - Started process (PID=10832) to work on /opt/airflow/dags/load_student_json_dag.py
[2024-01-27T23:37:35.167+0000] {processor.py:829} INFO - Processing file /opt/airflow/dags/load_student_json_dag.py for tasks to queue
[2024-01-27T23:37:35.168+0000] {logging_mixin.py:154} INFO - [2024-01-27T23:37:35.167+0000] {dagbag.py:536} INFO - Filling up the DagBag from /opt/airflow/dags/load_student_json_dag.py
[2024-01-27T23:37:35.172+0000] {logging_mixin.py:154} INFO - [2024-01-27T23:37:35.171+0000] {dagbag.py:346} ERROR - Failed to import: /opt/airflow/dags/load_student_json_dag.py
Traceback (most recent call last):
  File "/home/airflow/.local/lib/python3.8/site-packages/airflow/models/dagbag.py", line 342, in parse
    loader.exec_module(new_module)
  File "<frozen importlib._bootstrap_external>", line 843, in exec_module
  File "<frozen importlib._bootstrap>", line 219, in _call_with_frames_removed
  File "/opt/airflow/dags/load_student_json_dag.py", line 5, in <module>
    from scripts.paths import RAW_DATA_DIR, TRANSFORMED_DATA_DIR
ModuleNotFoundError: No module named 'scripts'
[2024-01-27T23:37:35.172+0000] {processor.py:841} WARNING - No viable dags retrieved from /opt/airflow/dags/load_student_json_dag.py
[2024-01-27T23:37:35.188+0000] {processor.py:179} INFO - Processing /opt/airflow/dags/load_student_json_dag.py took 0.024 seconds
[2024-01-27T23:38:05.454+0000] {processor.py:157} INFO - Started process (PID=10853) to work on /opt/airflow/dags/load_student_json_dag.py
[2024-01-27T23:38:05.456+0000] {processor.py:829} INFO - Processing file /opt/airflow/dags/load_student_json_dag.py for tasks to queue
[2024-01-27T23:38:05.457+0000] {logging_mixin.py:154} INFO - [2024-01-27T23:38:05.456+0000] {dagbag.py:536} INFO - Filling up the DagBag from /opt/airflow/dags/load_student_json_dag.py
[2024-01-27T23:38:05.464+0000] {logging_mixin.py:154} INFO - [2024-01-27T23:38:05.462+0000] {dagbag.py:346} ERROR - Failed to import: /opt/airflow/dags/load_student_json_dag.py
Traceback (most recent call last):
  File "/home/airflow/.local/lib/python3.8/site-packages/airflow/models/dagbag.py", line 342, in parse
    loader.exec_module(new_module)
  File "<frozen importlib._bootstrap_external>", line 843, in exec_module
  File "<frozen importlib._bootstrap>", line 219, in _call_with_frames_removed
  File "/opt/airflow/dags/load_student_json_dag.py", line 5, in <module>
    from scripts.paths import RAW_DATA_DIR, TRANSFORMED_DATA_DIR
ModuleNotFoundError: No module named 'scripts'
[2024-01-27T23:38:05.464+0000] {processor.py:841} WARNING - No viable dags retrieved from /opt/airflow/dags/load_student_json_dag.py
[2024-01-27T23:38:05.481+0000] {processor.py:179} INFO - Processing /opt/airflow/dags/load_student_json_dag.py took 0.031 seconds
[2024-01-27T23:38:35.787+0000] {processor.py:157} INFO - Started process (PID=10882) to work on /opt/airflow/dags/load_student_json_dag.py
[2024-01-27T23:38:35.788+0000] {processor.py:829} INFO - Processing file /opt/airflow/dags/load_student_json_dag.py for tasks to queue
[2024-01-27T23:38:35.789+0000] {logging_mixin.py:154} INFO - [2024-01-27T23:38:35.789+0000] {dagbag.py:536} INFO - Filling up the DagBag from /opt/airflow/dags/load_student_json_dag.py
[2024-01-27T23:38:35.796+0000] {logging_mixin.py:154} INFO - [2024-01-27T23:38:35.794+0000] {dagbag.py:346} ERROR - Failed to import: /opt/airflow/dags/load_student_json_dag.py
Traceback (most recent call last):
  File "/home/airflow/.local/lib/python3.8/site-packages/airflow/models/dagbag.py", line 342, in parse
    loader.exec_module(new_module)
  File "<frozen importlib._bootstrap_external>", line 843, in exec_module
  File "<frozen importlib._bootstrap>", line 219, in _call_with_frames_removed
  File "/opt/airflow/dags/load_student_json_dag.py", line 5, in <module>
    from scripts.paths import RAW_DATA_DIR, TRANSFORMED_DATA_DIR
ModuleNotFoundError: No module named 'scripts'
[2024-01-27T23:38:35.796+0000] {processor.py:841} WARNING - No viable dags retrieved from /opt/airflow/dags/load_student_json_dag.py
[2024-01-27T23:38:35.816+0000] {processor.py:179} INFO - Processing /opt/airflow/dags/load_student_json_dag.py took 0.033 seconds
[2024-01-27T23:39:06.034+0000] {processor.py:157} INFO - Started process (PID=10911) to work on /opt/airflow/dags/load_student_json_dag.py
[2024-01-27T23:39:06.035+0000] {processor.py:829} INFO - Processing file /opt/airflow/dags/load_student_json_dag.py for tasks to queue
[2024-01-27T23:39:06.036+0000] {logging_mixin.py:154} INFO - [2024-01-27T23:39:06.035+0000] {dagbag.py:536} INFO - Filling up the DagBag from /opt/airflow/dags/load_student_json_dag.py
[2024-01-27T23:39:06.039+0000] {logging_mixin.py:154} INFO - [2024-01-27T23:39:06.038+0000] {dagbag.py:346} ERROR - Failed to import: /opt/airflow/dags/load_student_json_dag.py
Traceback (most recent call last):
  File "/home/airflow/.local/lib/python3.8/site-packages/airflow/models/dagbag.py", line 342, in parse
    loader.exec_module(new_module)
  File "<frozen importlib._bootstrap_external>", line 843, in exec_module
  File "<frozen importlib._bootstrap>", line 219, in _call_with_frames_removed
  File "/opt/airflow/dags/load_student_json_dag.py", line 5, in <module>
    from scripts.paths import RAW_DATA_DIR, TRANSFORMED_DATA_DIR
ModuleNotFoundError: No module named 'scripts'
[2024-01-27T23:39:06.039+0000] {processor.py:841} WARNING - No viable dags retrieved from /opt/airflow/dags/load_student_json_dag.py
[2024-01-27T23:39:06.051+0000] {processor.py:179} INFO - Processing /opt/airflow/dags/load_student_json_dag.py took 0.019 seconds
[2024-01-27T23:39:36.327+0000] {processor.py:157} INFO - Started process (PID=10938) to work on /opt/airflow/dags/load_student_json_dag.py
[2024-01-27T23:39:36.328+0000] {processor.py:829} INFO - Processing file /opt/airflow/dags/load_student_json_dag.py for tasks to queue
[2024-01-27T23:39:36.328+0000] {logging_mixin.py:154} INFO - [2024-01-27T23:39:36.328+0000] {dagbag.py:536} INFO - Filling up the DagBag from /opt/airflow/dags/load_student_json_dag.py
[2024-01-27T23:39:36.332+0000] {logging_mixin.py:154} INFO - [2024-01-27T23:39:36.331+0000] {dagbag.py:346} ERROR - Failed to import: /opt/airflow/dags/load_student_json_dag.py
Traceback (most recent call last):
  File "/home/airflow/.local/lib/python3.8/site-packages/airflow/models/dagbag.py", line 342, in parse
    loader.exec_module(new_module)
  File "<frozen importlib._bootstrap_external>", line 843, in exec_module
  File "<frozen importlib._bootstrap>", line 219, in _call_with_frames_removed
  File "/opt/airflow/dags/load_student_json_dag.py", line 5, in <module>
    from scripts.paths import RAW_DATA_DIR, TRANSFORMED_DATA_DIR
ModuleNotFoundError: No module named 'scripts'
[2024-01-27T23:39:36.332+0000] {processor.py:841} WARNING - No viable dags retrieved from /opt/airflow/dags/load_student_json_dag.py
[2024-01-27T23:39:36.344+0000] {processor.py:179} INFO - Processing /opt/airflow/dags/load_student_json_dag.py took 0.019 seconds
[2024-01-27T23:40:06.662+0000] {processor.py:157} INFO - Started process (PID=10960) to work on /opt/airflow/dags/load_student_json_dag.py
[2024-01-27T23:40:06.663+0000] {processor.py:829} INFO - Processing file /opt/airflow/dags/load_student_json_dag.py for tasks to queue
[2024-01-27T23:40:06.664+0000] {logging_mixin.py:154} INFO - [2024-01-27T23:40:06.664+0000] {dagbag.py:536} INFO - Filling up the DagBag from /opt/airflow/dags/load_student_json_dag.py
[2024-01-27T23:40:06.670+0000] {logging_mixin.py:154} INFO - [2024-01-27T23:40:06.669+0000] {dagbag.py:346} ERROR - Failed to import: /opt/airflow/dags/load_student_json_dag.py
Traceback (most recent call last):
  File "/home/airflow/.local/lib/python3.8/site-packages/airflow/models/dagbag.py", line 342, in parse
    loader.exec_module(new_module)
  File "<frozen importlib._bootstrap_external>", line 843, in exec_module
  File "<frozen importlib._bootstrap>", line 219, in _call_with_frames_removed
  File "/opt/airflow/dags/load_student_json_dag.py", line 5, in <module>
    from scripts.paths import RAW_DATA_DIR, TRANSFORMED_DATA_DIR
ModuleNotFoundError: No module named 'scripts'
[2024-01-27T23:40:06.671+0000] {processor.py:841} WARNING - No viable dags retrieved from /opt/airflow/dags/load_student_json_dag.py
[2024-01-27T23:40:06.690+0000] {processor.py:179} INFO - Processing /opt/airflow/dags/load_student_json_dag.py took 0.032 seconds
[2024-01-27T23:40:36.956+0000] {processor.py:157} INFO - Started process (PID=10989) to work on /opt/airflow/dags/load_student_json_dag.py
[2024-01-27T23:40:36.957+0000] {processor.py:829} INFO - Processing file /opt/airflow/dags/load_student_json_dag.py for tasks to queue
[2024-01-27T23:40:36.958+0000] {logging_mixin.py:154} INFO - [2024-01-27T23:40:36.958+0000] {dagbag.py:536} INFO - Filling up the DagBag from /opt/airflow/dags/load_student_json_dag.py
[2024-01-27T23:40:36.963+0000] {logging_mixin.py:154} INFO - [2024-01-27T23:40:36.962+0000] {dagbag.py:346} ERROR - Failed to import: /opt/airflow/dags/load_student_json_dag.py
Traceback (most recent call last):
  File "/home/airflow/.local/lib/python3.8/site-packages/airflow/models/dagbag.py", line 342, in parse
    loader.exec_module(new_module)
  File "<frozen importlib._bootstrap_external>", line 843, in exec_module
  File "<frozen importlib._bootstrap>", line 219, in _call_with_frames_removed
  File "/opt/airflow/dags/load_student_json_dag.py", line 5, in <module>
    from scripts.paths import RAW_DATA_DIR, TRANSFORMED_DATA_DIR
ModuleNotFoundError: No module named 'scripts'
[2024-01-27T23:40:36.964+0000] {processor.py:841} WARNING - No viable dags retrieved from /opt/airflow/dags/load_student_json_dag.py
[2024-01-27T23:40:36.981+0000] {processor.py:179} INFO - Processing /opt/airflow/dags/load_student_json_dag.py took 0.028 seconds
[2024-01-27T23:41:07.238+0000] {processor.py:157} INFO - Started process (PID=11018) to work on /opt/airflow/dags/load_student_json_dag.py
[2024-01-27T23:41:07.240+0000] {processor.py:829} INFO - Processing file /opt/airflow/dags/load_student_json_dag.py for tasks to queue
[2024-01-27T23:41:07.241+0000] {logging_mixin.py:154} INFO - [2024-01-27T23:41:07.240+0000] {dagbag.py:536} INFO - Filling up the DagBag from /opt/airflow/dags/load_student_json_dag.py
[2024-01-27T23:41:07.247+0000] {logging_mixin.py:154} INFO - [2024-01-27T23:41:07.246+0000] {dagbag.py:346} ERROR - Failed to import: /opt/airflow/dags/load_student_json_dag.py
Traceback (most recent call last):
  File "/home/airflow/.local/lib/python3.8/site-packages/airflow/models/dagbag.py", line 342, in parse
    loader.exec_module(new_module)
  File "<frozen importlib._bootstrap_external>", line 843, in exec_module
  File "<frozen importlib._bootstrap>", line 219, in _call_with_frames_removed
  File "/opt/airflow/dags/load_student_json_dag.py", line 5, in <module>
    from scripts.paths import RAW_DATA_DIR, TRANSFORMED_DATA_DIR
ModuleNotFoundError: No module named 'scripts'
[2024-01-27T23:41:07.248+0000] {processor.py:841} WARNING - No viable dags retrieved from /opt/airflow/dags/load_student_json_dag.py
[2024-01-27T23:41:07.267+0000] {processor.py:179} INFO - Processing /opt/airflow/dags/load_student_json_dag.py took 0.033 seconds
[2024-01-27T23:41:37.507+0000] {processor.py:157} INFO - Started process (PID=11039) to work on /opt/airflow/dags/load_student_json_dag.py
[2024-01-27T23:41:37.509+0000] {processor.py:829} INFO - Processing file /opt/airflow/dags/load_student_json_dag.py for tasks to queue
[2024-01-27T23:41:37.510+0000] {logging_mixin.py:154} INFO - [2024-01-27T23:41:37.510+0000] {dagbag.py:536} INFO - Filling up the DagBag from /opt/airflow/dags/load_student_json_dag.py
[2024-01-27T23:41:37.517+0000] {logging_mixin.py:154} INFO - [2024-01-27T23:41:37.516+0000] {dagbag.py:346} ERROR - Failed to import: /opt/airflow/dags/load_student_json_dag.py
Traceback (most recent call last):
  File "/home/airflow/.local/lib/python3.8/site-packages/airflow/models/dagbag.py", line 342, in parse
    loader.exec_module(new_module)
  File "<frozen importlib._bootstrap_external>", line 843, in exec_module
  File "<frozen importlib._bootstrap>", line 219, in _call_with_frames_removed
  File "/opt/airflow/dags/load_student_json_dag.py", line 5, in <module>
    from scripts.paths import RAW_DATA_DIR, TRANSFORMED_DATA_DIR
ModuleNotFoundError: No module named 'scripts'
[2024-01-27T23:41:37.518+0000] {processor.py:841} WARNING - No viable dags retrieved from /opt/airflow/dags/load_student_json_dag.py
[2024-01-27T23:41:37.539+0000] {processor.py:179} INFO - Processing /opt/airflow/dags/load_student_json_dag.py took 0.036 seconds
[2024-01-27T23:42:07.780+0000] {processor.py:157} INFO - Started process (PID=11067) to work on /opt/airflow/dags/load_student_json_dag.py
[2024-01-27T23:42:07.781+0000] {processor.py:829} INFO - Processing file /opt/airflow/dags/load_student_json_dag.py for tasks to queue
[2024-01-27T23:42:07.782+0000] {logging_mixin.py:154} INFO - [2024-01-27T23:42:07.782+0000] {dagbag.py:536} INFO - Filling up the DagBag from /opt/airflow/dags/load_student_json_dag.py
[2024-01-27T23:42:07.788+0000] {logging_mixin.py:154} INFO - [2024-01-27T23:42:07.787+0000] {dagbag.py:346} ERROR - Failed to import: /opt/airflow/dags/load_student_json_dag.py
Traceback (most recent call last):
  File "/home/airflow/.local/lib/python3.8/site-packages/airflow/models/dagbag.py", line 342, in parse
    loader.exec_module(new_module)
  File "<frozen importlib._bootstrap_external>", line 843, in exec_module
  File "<frozen importlib._bootstrap>", line 219, in _call_with_frames_removed
  File "/opt/airflow/dags/load_student_json_dag.py", line 5, in <module>
    from scripts.paths import RAW_DATA_DIR, TRANSFORMED_DATA_DIR
ModuleNotFoundError: No module named 'scripts'
[2024-01-27T23:42:07.788+0000] {processor.py:841} WARNING - No viable dags retrieved from /opt/airflow/dags/load_student_json_dag.py
[2024-01-27T23:42:07.807+0000] {processor.py:179} INFO - Processing /opt/airflow/dags/load_student_json_dag.py took 0.031 seconds
[2024-01-27T23:42:38.022+0000] {processor.py:157} INFO - Started process (PID=11096) to work on /opt/airflow/dags/load_student_json_dag.py
[2024-01-27T23:42:38.023+0000] {processor.py:829} INFO - Processing file /opt/airflow/dags/load_student_json_dag.py for tasks to queue
[2024-01-27T23:42:38.025+0000] {logging_mixin.py:154} INFO - [2024-01-27T23:42:38.024+0000] {dagbag.py:536} INFO - Filling up the DagBag from /opt/airflow/dags/load_student_json_dag.py
[2024-01-27T23:42:38.031+0000] {logging_mixin.py:154} INFO - [2024-01-27T23:42:38.030+0000] {dagbag.py:346} ERROR - Failed to import: /opt/airflow/dags/load_student_json_dag.py
Traceback (most recent call last):
  File "/home/airflow/.local/lib/python3.8/site-packages/airflow/models/dagbag.py", line 342, in parse
    loader.exec_module(new_module)
  File "<frozen importlib._bootstrap_external>", line 843, in exec_module
  File "<frozen importlib._bootstrap>", line 219, in _call_with_frames_removed
  File "/opt/airflow/dags/load_student_json_dag.py", line 5, in <module>
    from scripts.paths import RAW_DATA_DIR, TRANSFORMED_DATA_DIR
ModuleNotFoundError: No module named 'scripts'
[2024-01-27T23:42:38.032+0000] {processor.py:841} WARNING - No viable dags retrieved from /opt/airflow/dags/load_student_json_dag.py
[2024-01-27T23:42:38.051+0000] {processor.py:179} INFO - Processing /opt/airflow/dags/load_student_json_dag.py took 0.033 seconds
[2024-01-27T23:43:08.308+0000] {processor.py:157} INFO - Started process (PID=11125) to work on /opt/airflow/dags/load_student_json_dag.py
[2024-01-27T23:43:08.309+0000] {processor.py:829} INFO - Processing file /opt/airflow/dags/load_student_json_dag.py for tasks to queue
[2024-01-27T23:43:08.310+0000] {logging_mixin.py:154} INFO - [2024-01-27T23:43:08.310+0000] {dagbag.py:536} INFO - Filling up the DagBag from /opt/airflow/dags/load_student_json_dag.py
[2024-01-27T23:43:08.316+0000] {logging_mixin.py:154} INFO - [2024-01-27T23:43:08.315+0000] {dagbag.py:346} ERROR - Failed to import: /opt/airflow/dags/load_student_json_dag.py
Traceback (most recent call last):
  File "/home/airflow/.local/lib/python3.8/site-packages/airflow/models/dagbag.py", line 342, in parse
    loader.exec_module(new_module)
  File "<frozen importlib._bootstrap_external>", line 843, in exec_module
  File "<frozen importlib._bootstrap>", line 219, in _call_with_frames_removed
  File "/opt/airflow/dags/load_student_json_dag.py", line 5, in <module>
    from scripts.paths import RAW_DATA_DIR, TRANSFORMED_DATA_DIR
ModuleNotFoundError: No module named 'scripts'
[2024-01-27T23:43:08.317+0000] {processor.py:841} WARNING - No viable dags retrieved from /opt/airflow/dags/load_student_json_dag.py
[2024-01-27T23:43:08.336+0000] {processor.py:179} INFO - Processing /opt/airflow/dags/load_student_json_dag.py took 0.033 seconds
[2024-01-27T23:43:38.646+0000] {processor.py:157} INFO - Started process (PID=11146) to work on /opt/airflow/dags/load_student_json_dag.py
[2024-01-27T23:43:38.647+0000] {processor.py:829} INFO - Processing file /opt/airflow/dags/load_student_json_dag.py for tasks to queue
[2024-01-27T23:43:38.648+0000] {logging_mixin.py:154} INFO - [2024-01-27T23:43:38.648+0000] {dagbag.py:536} INFO - Filling up the DagBag from /opt/airflow/dags/load_student_json_dag.py
[2024-01-27T23:43:38.654+0000] {logging_mixin.py:154} INFO - [2024-01-27T23:43:38.653+0000] {dagbag.py:346} ERROR - Failed to import: /opt/airflow/dags/load_student_json_dag.py
Traceback (most recent call last):
  File "/home/airflow/.local/lib/python3.8/site-packages/airflow/models/dagbag.py", line 342, in parse
    loader.exec_module(new_module)
  File "<frozen importlib._bootstrap_external>", line 843, in exec_module
  File "<frozen importlib._bootstrap>", line 219, in _call_with_frames_removed
  File "/opt/airflow/dags/load_student_json_dag.py", line 5, in <module>
    from scripts.paths import RAW_DATA_DIR, TRANSFORMED_DATA_DIR
ModuleNotFoundError: No module named 'scripts'
[2024-01-27T23:43:38.655+0000] {processor.py:841} WARNING - No viable dags retrieved from /opt/airflow/dags/load_student_json_dag.py
[2024-01-27T23:43:38.674+0000] {processor.py:179} INFO - Processing /opt/airflow/dags/load_student_json_dag.py took 0.032 seconds
[2024-01-27T23:44:08.965+0000] {processor.py:157} INFO - Started process (PID=11175) to work on /opt/airflow/dags/load_student_json_dag.py
[2024-01-27T23:44:08.967+0000] {processor.py:829} INFO - Processing file /opt/airflow/dags/load_student_json_dag.py for tasks to queue
[2024-01-27T23:44:08.968+0000] {logging_mixin.py:154} INFO - [2024-01-27T23:44:08.967+0000] {dagbag.py:536} INFO - Filling up the DagBag from /opt/airflow/dags/load_student_json_dag.py
[2024-01-27T23:44:08.974+0000] {logging_mixin.py:154} INFO - [2024-01-27T23:44:08.973+0000] {dagbag.py:346} ERROR - Failed to import: /opt/airflow/dags/load_student_json_dag.py
Traceback (most recent call last):
  File "/home/airflow/.local/lib/python3.8/site-packages/airflow/models/dagbag.py", line 342, in parse
    loader.exec_module(new_module)
  File "<frozen importlib._bootstrap_external>", line 843, in exec_module
  File "<frozen importlib._bootstrap>", line 219, in _call_with_frames_removed
  File "/opt/airflow/dags/load_student_json_dag.py", line 5, in <module>
    from scripts.paths import RAW_DATA_DIR, TRANSFORMED_DATA_DIR
ModuleNotFoundError: No module named 'scripts'
[2024-01-27T23:44:08.974+0000] {processor.py:841} WARNING - No viable dags retrieved from /opt/airflow/dags/load_student_json_dag.py
[2024-01-27T23:44:08.992+0000] {processor.py:179} INFO - Processing /opt/airflow/dags/load_student_json_dag.py took 0.031 seconds
[2024-01-27T23:44:39.291+0000] {processor.py:157} INFO - Started process (PID=11204) to work on /opt/airflow/dags/load_student_json_dag.py
[2024-01-27T23:44:39.292+0000] {processor.py:829} INFO - Processing file /opt/airflow/dags/load_student_json_dag.py for tasks to queue
[2024-01-27T23:44:39.293+0000] {logging_mixin.py:154} INFO - [2024-01-27T23:44:39.293+0000] {dagbag.py:536} INFO - Filling up the DagBag from /opt/airflow/dags/load_student_json_dag.py
[2024-01-27T23:44:39.300+0000] {logging_mixin.py:154} INFO - [2024-01-27T23:44:39.298+0000] {dagbag.py:346} ERROR - Failed to import: /opt/airflow/dags/load_student_json_dag.py
Traceback (most recent call last):
  File "/home/airflow/.local/lib/python3.8/site-packages/airflow/models/dagbag.py", line 342, in parse
    loader.exec_module(new_module)
  File "<frozen importlib._bootstrap_external>", line 843, in exec_module
  File "<frozen importlib._bootstrap>", line 219, in _call_with_frames_removed
  File "/opt/airflow/dags/load_student_json_dag.py", line 5, in <module>
    from scripts.paths import RAW_DATA_DIR, TRANSFORMED_DATA_DIR
ModuleNotFoundError: No module named 'scripts'
[2024-01-27T23:44:39.300+0000] {processor.py:841} WARNING - No viable dags retrieved from /opt/airflow/dags/load_student_json_dag.py
[2024-01-27T23:44:39.323+0000] {processor.py:179} INFO - Processing /opt/airflow/dags/load_student_json_dag.py took 0.036 seconds
[2024-01-27T23:45:09.611+0000] {processor.py:157} INFO - Started process (PID=11233) to work on /opt/airflow/dags/load_student_json_dag.py
[2024-01-27T23:45:09.613+0000] {processor.py:829} INFO - Processing file /opt/airflow/dags/load_student_json_dag.py for tasks to queue
[2024-01-27T23:45:09.615+0000] {logging_mixin.py:154} INFO - [2024-01-27T23:45:09.614+0000] {dagbag.py:536} INFO - Filling up the DagBag from /opt/airflow/dags/load_student_json_dag.py
[2024-01-27T23:45:09.622+0000] {logging_mixin.py:154} INFO - [2024-01-27T23:45:09.621+0000] {dagbag.py:346} ERROR - Failed to import: /opt/airflow/dags/load_student_json_dag.py
Traceback (most recent call last):
  File "/home/airflow/.local/lib/python3.8/site-packages/airflow/models/dagbag.py", line 342, in parse
    loader.exec_module(new_module)
  File "<frozen importlib._bootstrap_external>", line 843, in exec_module
  File "<frozen importlib._bootstrap>", line 219, in _call_with_frames_removed
  File "/opt/airflow/dags/load_student_json_dag.py", line 5, in <module>
    from scripts.paths import RAW_DATA_DIR, TRANSFORMED_DATA_DIR
ModuleNotFoundError: No module named 'scripts'
[2024-01-27T23:45:09.623+0000] {processor.py:841} WARNING - No viable dags retrieved from /opt/airflow/dags/load_student_json_dag.py
[2024-01-27T23:45:09.640+0000] {processor.py:179} INFO - Processing /opt/airflow/dags/load_student_json_dag.py took 0.033 seconds
[2024-01-27T23:45:39.917+0000] {processor.py:157} INFO - Started process (PID=11254) to work on /opt/airflow/dags/load_student_json_dag.py
[2024-01-27T23:45:39.918+0000] {processor.py:829} INFO - Processing file /opt/airflow/dags/load_student_json_dag.py for tasks to queue
[2024-01-27T23:45:39.918+0000] {logging_mixin.py:154} INFO - [2024-01-27T23:45:39.918+0000] {dagbag.py:536} INFO - Filling up the DagBag from /opt/airflow/dags/load_student_json_dag.py
[2024-01-27T23:45:39.923+0000] {logging_mixin.py:154} INFO - [2024-01-27T23:45:39.922+0000] {dagbag.py:346} ERROR - Failed to import: /opt/airflow/dags/load_student_json_dag.py
Traceback (most recent call last):
  File "/home/airflow/.local/lib/python3.8/site-packages/airflow/models/dagbag.py", line 342, in parse
    loader.exec_module(new_module)
  File "<frozen importlib._bootstrap_external>", line 843, in exec_module
  File "<frozen importlib._bootstrap>", line 219, in _call_with_frames_removed
  File "/opt/airflow/dags/load_student_json_dag.py", line 5, in <module>
    from scripts.paths import RAW_DATA_DIR, TRANSFORMED_DATA_DIR
ModuleNotFoundError: No module named 'scripts'
[2024-01-27T23:45:39.923+0000] {processor.py:841} WARNING - No viable dags retrieved from /opt/airflow/dags/load_student_json_dag.py
[2024-01-27T23:45:39.936+0000] {processor.py:179} INFO - Processing /opt/airflow/dags/load_student_json_dag.py took 0.022 seconds
[2024-01-27T23:46:10.200+0000] {processor.py:157} INFO - Started process (PID=11284) to work on /opt/airflow/dags/load_student_json_dag.py
[2024-01-27T23:46:10.201+0000] {processor.py:829} INFO - Processing file /opt/airflow/dags/load_student_json_dag.py for tasks to queue
[2024-01-27T23:46:10.202+0000] {logging_mixin.py:154} INFO - [2024-01-27T23:46:10.201+0000] {dagbag.py:536} INFO - Filling up the DagBag from /opt/airflow/dags/load_student_json_dag.py
[2024-01-27T23:46:10.207+0000] {logging_mixin.py:154} INFO - [2024-01-27T23:46:10.206+0000] {dagbag.py:346} ERROR - Failed to import: /opt/airflow/dags/load_student_json_dag.py
Traceback (most recent call last):
  File "/home/airflow/.local/lib/python3.8/site-packages/airflow/models/dagbag.py", line 342, in parse
    loader.exec_module(new_module)
  File "<frozen importlib._bootstrap_external>", line 843, in exec_module
  File "<frozen importlib._bootstrap>", line 219, in _call_with_frames_removed
  File "/opt/airflow/dags/load_student_json_dag.py", line 5, in <module>
    from scripts.paths import RAW_DATA_DIR, TRANSFORMED_DATA_DIR
ModuleNotFoundError: No module named 'scripts'
[2024-01-27T23:46:10.208+0000] {processor.py:841} WARNING - No viable dags retrieved from /opt/airflow/dags/load_student_json_dag.py
[2024-01-27T23:46:10.226+0000] {processor.py:179} INFO - Processing /opt/airflow/dags/load_student_json_dag.py took 0.029 seconds
[2024-01-27T23:46:40.501+0000] {processor.py:157} INFO - Started process (PID=11313) to work on /opt/airflow/dags/load_student_json_dag.py
[2024-01-27T23:46:40.502+0000] {processor.py:829} INFO - Processing file /opt/airflow/dags/load_student_json_dag.py for tasks to queue
[2024-01-27T23:46:40.503+0000] {logging_mixin.py:154} INFO - [2024-01-27T23:46:40.503+0000] {dagbag.py:536} INFO - Filling up the DagBag from /opt/airflow/dags/load_student_json_dag.py
[2024-01-27T23:46:40.510+0000] {logging_mixin.py:154} INFO - [2024-01-27T23:46:40.509+0000] {dagbag.py:346} ERROR - Failed to import: /opt/airflow/dags/load_student_json_dag.py
Traceback (most recent call last):
  File "/home/airflow/.local/lib/python3.8/site-packages/airflow/models/dagbag.py", line 342, in parse
    loader.exec_module(new_module)
  File "<frozen importlib._bootstrap_external>", line 843, in exec_module
  File "<frozen importlib._bootstrap>", line 219, in _call_with_frames_removed
  File "/opt/airflow/dags/load_student_json_dag.py", line 5, in <module>
    from scripts.paths import RAW_DATA_DIR, TRANSFORMED_DATA_DIR
ModuleNotFoundError: No module named 'scripts'
[2024-01-27T23:46:40.510+0000] {processor.py:841} WARNING - No viable dags retrieved from /opt/airflow/dags/load_student_json_dag.py
[2024-01-27T23:46:40.530+0000] {processor.py:179} INFO - Processing /opt/airflow/dags/load_student_json_dag.py took 0.034 seconds
[2024-01-27T23:47:10.784+0000] {processor.py:157} INFO - Started process (PID=11342) to work on /opt/airflow/dags/load_student_json_dag.py
[2024-01-27T23:47:10.785+0000] {processor.py:829} INFO - Processing file /opt/airflow/dags/load_student_json_dag.py for tasks to queue
[2024-01-27T23:47:10.786+0000] {logging_mixin.py:154} INFO - [2024-01-27T23:47:10.785+0000] {dagbag.py:536} INFO - Filling up the DagBag from /opt/airflow/dags/load_student_json_dag.py
[2024-01-27T23:47:10.789+0000] {logging_mixin.py:154} INFO - [2024-01-27T23:47:10.788+0000] {dagbag.py:346} ERROR - Failed to import: /opt/airflow/dags/load_student_json_dag.py
Traceback (most recent call last):
  File "/home/airflow/.local/lib/python3.8/site-packages/airflow/models/dagbag.py", line 342, in parse
    loader.exec_module(new_module)
  File "<frozen importlib._bootstrap_external>", line 843, in exec_module
  File "<frozen importlib._bootstrap>", line 219, in _call_with_frames_removed
  File "/opt/airflow/dags/load_student_json_dag.py", line 5, in <module>
    from scripts.paths import RAW_DATA_DIR, TRANSFORMED_DATA_DIR
ModuleNotFoundError: No module named 'scripts'
[2024-01-27T23:47:10.789+0000] {processor.py:841} WARNING - No viable dags retrieved from /opt/airflow/dags/load_student_json_dag.py
[2024-01-27T23:47:10.801+0000] {processor.py:179} INFO - Processing /opt/airflow/dags/load_student_json_dag.py took 0.018 seconds
[2024-01-27T23:47:41.113+0000] {processor.py:157} INFO - Started process (PID=11362) to work on /opt/airflow/dags/load_student_json_dag.py
[2024-01-27T23:47:41.114+0000] {processor.py:829} INFO - Processing file /opt/airflow/dags/load_student_json_dag.py for tasks to queue
[2024-01-27T23:47:41.115+0000] {logging_mixin.py:154} INFO - [2024-01-27T23:47:41.115+0000] {dagbag.py:536} INFO - Filling up the DagBag from /opt/airflow/dags/load_student_json_dag.py
[2024-01-27T23:47:41.122+0000] {logging_mixin.py:154} INFO - [2024-01-27T23:47:41.121+0000] {dagbag.py:346} ERROR - Failed to import: /opt/airflow/dags/load_student_json_dag.py
Traceback (most recent call last):
  File "/home/airflow/.local/lib/python3.8/site-packages/airflow/models/dagbag.py", line 342, in parse
    loader.exec_module(new_module)
  File "<frozen importlib._bootstrap_external>", line 843, in exec_module
  File "<frozen importlib._bootstrap>", line 219, in _call_with_frames_removed
  File "/opt/airflow/dags/load_student_json_dag.py", line 5, in <module>
    from scripts.paths import RAW_DATA_DIR, TRANSFORMED_DATA_DIR
ModuleNotFoundError: No module named 'scripts'
[2024-01-27T23:47:41.122+0000] {processor.py:841} WARNING - No viable dags retrieved from /opt/airflow/dags/load_student_json_dag.py
[2024-01-27T23:47:41.141+0000] {processor.py:179} INFO - Processing /opt/airflow/dags/load_student_json_dag.py took 0.033 seconds
[2024-01-27T23:48:11.467+0000] {processor.py:157} INFO - Started process (PID=11392) to work on /opt/airflow/dags/load_student_json_dag.py
[2024-01-27T23:48:11.469+0000] {processor.py:829} INFO - Processing file /opt/airflow/dags/load_student_json_dag.py for tasks to queue
[2024-01-27T23:48:11.470+0000] {logging_mixin.py:154} INFO - [2024-01-27T23:48:11.470+0000] {dagbag.py:536} INFO - Filling up the DagBag from /opt/airflow/dags/load_student_json_dag.py
[2024-01-27T23:48:11.476+0000] {logging_mixin.py:154} INFO - [2024-01-27T23:48:11.475+0000] {dagbag.py:346} ERROR - Failed to import: /opt/airflow/dags/load_student_json_dag.py
Traceback (most recent call last):
  File "/home/airflow/.local/lib/python3.8/site-packages/airflow/models/dagbag.py", line 342, in parse
    loader.exec_module(new_module)
  File "<frozen importlib._bootstrap_external>", line 843, in exec_module
  File "<frozen importlib._bootstrap>", line 219, in _call_with_frames_removed
  File "/opt/airflow/dags/load_student_json_dag.py", line 5, in <module>
    from scripts.paths import RAW_DATA_DIR, TRANSFORMED_DATA_DIR
ModuleNotFoundError: No module named 'scripts'
[2024-01-27T23:48:11.476+0000] {processor.py:841} WARNING - No viable dags retrieved from /opt/airflow/dags/load_student_json_dag.py
[2024-01-27T23:48:11.495+0000] {processor.py:179} INFO - Processing /opt/airflow/dags/load_student_json_dag.py took 0.032 seconds
[2024-01-27T23:48:41.811+0000] {processor.py:157} INFO - Started process (PID=11421) to work on /opt/airflow/dags/load_student_json_dag.py
[2024-01-27T23:48:41.813+0000] {processor.py:829} INFO - Processing file /opt/airflow/dags/load_student_json_dag.py for tasks to queue
[2024-01-27T23:48:41.814+0000] {logging_mixin.py:154} INFO - [2024-01-27T23:48:41.813+0000] {dagbag.py:536} INFO - Filling up the DagBag from /opt/airflow/dags/load_student_json_dag.py
[2024-01-27T23:48:41.820+0000] {logging_mixin.py:154} INFO - [2024-01-27T23:48:41.819+0000] {dagbag.py:346} ERROR - Failed to import: /opt/airflow/dags/load_student_json_dag.py
Traceback (most recent call last):
  File "/home/airflow/.local/lib/python3.8/site-packages/airflow/models/dagbag.py", line 342, in parse
    loader.exec_module(new_module)
  File "<frozen importlib._bootstrap_external>", line 843, in exec_module
  File "<frozen importlib._bootstrap>", line 219, in _call_with_frames_removed
  File "/opt/airflow/dags/load_student_json_dag.py", line 5, in <module>
    from scripts.paths import RAW_DATA_DIR, TRANSFORMED_DATA_DIR
ModuleNotFoundError: No module named 'scripts'
[2024-01-27T23:48:41.820+0000] {processor.py:841} WARNING - No viable dags retrieved from /opt/airflow/dags/load_student_json_dag.py
[2024-01-27T23:48:41.836+0000] {processor.py:179} INFO - Processing /opt/airflow/dags/load_student_json_dag.py took 0.029 seconds
[2024-01-27T23:49:12.089+0000] {processor.py:157} INFO - Started process (PID=11451) to work on /opt/airflow/dags/load_student_json_dag.py
[2024-01-27T23:49:12.089+0000] {processor.py:829} INFO - Processing file /opt/airflow/dags/load_student_json_dag.py for tasks to queue
[2024-01-27T23:49:12.090+0000] {logging_mixin.py:154} INFO - [2024-01-27T23:49:12.090+0000] {dagbag.py:536} INFO - Filling up the DagBag from /opt/airflow/dags/load_student_json_dag.py
[2024-01-27T23:49:12.093+0000] {logging_mixin.py:154} INFO - [2024-01-27T23:49:12.093+0000] {dagbag.py:346} ERROR - Failed to import: /opt/airflow/dags/load_student_json_dag.py
Traceback (most recent call last):
  File "/home/airflow/.local/lib/python3.8/site-packages/airflow/models/dagbag.py", line 342, in parse
    loader.exec_module(new_module)
  File "<frozen importlib._bootstrap_external>", line 843, in exec_module
  File "<frozen importlib._bootstrap>", line 219, in _call_with_frames_removed
  File "/opt/airflow/dags/load_student_json_dag.py", line 5, in <module>
    from scripts.paths import RAW_DATA_DIR, TRANSFORMED_DATA_DIR
ModuleNotFoundError: No module named 'scripts'
[2024-01-27T23:49:12.094+0000] {processor.py:841} WARNING - No viable dags retrieved from /opt/airflow/dags/load_student_json_dag.py
[2024-01-27T23:49:12.105+0000] {processor.py:179} INFO - Processing /opt/airflow/dags/load_student_json_dag.py took 0.018 seconds
[2024-01-27T23:49:42.385+0000] {processor.py:157} INFO - Started process (PID=11472) to work on /opt/airflow/dags/load_student_json_dag.py
[2024-01-27T23:49:42.386+0000] {processor.py:829} INFO - Processing file /opt/airflow/dags/load_student_json_dag.py for tasks to queue
[2024-01-27T23:49:42.387+0000] {logging_mixin.py:154} INFO - [2024-01-27T23:49:42.387+0000] {dagbag.py:536} INFO - Filling up the DagBag from /opt/airflow/dags/load_student_json_dag.py
[2024-01-27T23:49:42.393+0000] {logging_mixin.py:154} INFO - [2024-01-27T23:49:42.392+0000] {dagbag.py:346} ERROR - Failed to import: /opt/airflow/dags/load_student_json_dag.py
Traceback (most recent call last):
  File "/home/airflow/.local/lib/python3.8/site-packages/airflow/models/dagbag.py", line 342, in parse
    loader.exec_module(new_module)
  File "<frozen importlib._bootstrap_external>", line 843, in exec_module
  File "<frozen importlib._bootstrap>", line 219, in _call_with_frames_removed
  File "/opt/airflow/dags/load_student_json_dag.py", line 5, in <module>
    from scripts.paths import RAW_DATA_DIR, TRANSFORMED_DATA_DIR
ModuleNotFoundError: No module named 'scripts'
[2024-01-27T23:49:42.394+0000] {processor.py:841} WARNING - No viable dags retrieved from /opt/airflow/dags/load_student_json_dag.py
[2024-01-27T23:49:42.413+0000] {processor.py:179} INFO - Processing /opt/airflow/dags/load_student_json_dag.py took 0.032 seconds
[2024-01-27T23:50:12.711+0000] {processor.py:157} INFO - Started process (PID=11501) to work on /opt/airflow/dags/load_student_json_dag.py
[2024-01-27T23:50:12.712+0000] {processor.py:829} INFO - Processing file /opt/airflow/dags/load_student_json_dag.py for tasks to queue
[2024-01-27T23:50:12.713+0000] {logging_mixin.py:154} INFO - [2024-01-27T23:50:12.713+0000] {dagbag.py:536} INFO - Filling up the DagBag from /opt/airflow/dags/load_student_json_dag.py
[2024-01-27T23:50:12.719+0000] {logging_mixin.py:154} INFO - [2024-01-27T23:50:12.718+0000] {dagbag.py:346} ERROR - Failed to import: /opt/airflow/dags/load_student_json_dag.py
Traceback (most recent call last):
  File "/home/airflow/.local/lib/python3.8/site-packages/airflow/models/dagbag.py", line 342, in parse
    loader.exec_module(new_module)
  File "<frozen importlib._bootstrap_external>", line 843, in exec_module
  File "<frozen importlib._bootstrap>", line 219, in _call_with_frames_removed
  File "/opt/airflow/dags/load_student_json_dag.py", line 5, in <module>
    from scripts.paths import RAW_DATA_DIR, TRANSFORMED_DATA_DIR
ModuleNotFoundError: No module named 'scripts'
[2024-01-27T23:50:12.719+0000] {processor.py:841} WARNING - No viable dags retrieved from /opt/airflow/dags/load_student_json_dag.py
[2024-01-27T23:50:12.736+0000] {processor.py:179} INFO - Processing /opt/airflow/dags/load_student_json_dag.py took 0.028 seconds
[2024-01-27T23:50:43.052+0000] {processor.py:157} INFO - Started process (PID=11530) to work on /opt/airflow/dags/load_student_json_dag.py
[2024-01-27T23:50:43.053+0000] {processor.py:829} INFO - Processing file /opt/airflow/dags/load_student_json_dag.py for tasks to queue
[2024-01-27T23:50:43.054+0000] {logging_mixin.py:154} INFO - [2024-01-27T23:50:43.054+0000] {dagbag.py:536} INFO - Filling up the DagBag from /opt/airflow/dags/load_student_json_dag.py
[2024-01-27T23:50:43.060+0000] {logging_mixin.py:154} INFO - [2024-01-27T23:50:43.059+0000] {dagbag.py:346} ERROR - Failed to import: /opt/airflow/dags/load_student_json_dag.py
Traceback (most recent call last):
  File "/home/airflow/.local/lib/python3.8/site-packages/airflow/models/dagbag.py", line 342, in parse
    loader.exec_module(new_module)
  File "<frozen importlib._bootstrap_external>", line 843, in exec_module
  File "<frozen importlib._bootstrap>", line 219, in _call_with_frames_removed
  File "/opt/airflow/dags/load_student_json_dag.py", line 5, in <module>
    from scripts.paths import RAW_DATA_DIR, TRANSFORMED_DATA_DIR
ModuleNotFoundError: No module named 'scripts'
[2024-01-27T23:50:43.061+0000] {processor.py:841} WARNING - No viable dags retrieved from /opt/airflow/dags/load_student_json_dag.py
[2024-01-27T23:50:43.078+0000] {processor.py:179} INFO - Processing /opt/airflow/dags/load_student_json_dag.py took 0.030 seconds
[2024-01-27T23:51:13.463+0000] {processor.py:157} INFO - Started process (PID=11550) to work on /opt/airflow/dags/load_student_json_dag.py
[2024-01-27T23:51:13.464+0000] {processor.py:829} INFO - Processing file /opt/airflow/dags/load_student_json_dag.py for tasks to queue
[2024-01-27T23:51:13.465+0000] {logging_mixin.py:154} INFO - [2024-01-27T23:51:13.465+0000] {dagbag.py:536} INFO - Filling up the DagBag from /opt/airflow/dags/load_student_json_dag.py
[2024-01-27T23:51:13.472+0000] {logging_mixin.py:154} INFO - [2024-01-27T23:51:13.471+0000] {dagbag.py:346} ERROR - Failed to import: /opt/airflow/dags/load_student_json_dag.py
Traceback (most recent call last):
  File "/home/airflow/.local/lib/python3.8/site-packages/airflow/models/dagbag.py", line 342, in parse
    loader.exec_module(new_module)
  File "<frozen importlib._bootstrap_external>", line 843, in exec_module
  File "<frozen importlib._bootstrap>", line 219, in _call_with_frames_removed
  File "/opt/airflow/dags/load_student_json_dag.py", line 5, in <module>
    from scripts.paths import RAW_DATA_DIR, TRANSFORMED_DATA_DIR
ModuleNotFoundError: No module named 'scripts'
[2024-01-27T23:51:13.472+0000] {processor.py:841} WARNING - No viable dags retrieved from /opt/airflow/dags/load_student_json_dag.py
[2024-01-27T23:51:13.491+0000] {processor.py:179} INFO - Processing /opt/airflow/dags/load_student_json_dag.py took 0.032 seconds
[2024-01-27T23:51:43.841+0000] {processor.py:157} INFO - Started process (PID=11579) to work on /opt/airflow/dags/load_student_json_dag.py
[2024-01-27T23:51:43.842+0000] {processor.py:829} INFO - Processing file /opt/airflow/dags/load_student_json_dag.py for tasks to queue
[2024-01-27T23:51:43.844+0000] {logging_mixin.py:154} INFO - [2024-01-27T23:51:43.843+0000] {dagbag.py:536} INFO - Filling up the DagBag from /opt/airflow/dags/load_student_json_dag.py
[2024-01-27T23:51:43.850+0000] {logging_mixin.py:154} INFO - [2024-01-27T23:51:43.849+0000] {dagbag.py:346} ERROR - Failed to import: /opt/airflow/dags/load_student_json_dag.py
Traceback (most recent call last):
  File "/home/airflow/.local/lib/python3.8/site-packages/airflow/models/dagbag.py", line 342, in parse
    loader.exec_module(new_module)
  File "<frozen importlib._bootstrap_external>", line 843, in exec_module
  File "<frozen importlib._bootstrap>", line 219, in _call_with_frames_removed
  File "/opt/airflow/dags/load_student_json_dag.py", line 5, in <module>
    from scripts.paths import RAW_DATA_DIR, TRANSFORMED_DATA_DIR
ModuleNotFoundError: No module named 'scripts'
[2024-01-27T23:51:43.850+0000] {processor.py:841} WARNING - No viable dags retrieved from /opt/airflow/dags/load_student_json_dag.py
[2024-01-27T23:51:43.866+0000] {processor.py:179} INFO - Processing /opt/airflow/dags/load_student_json_dag.py took 0.029 seconds
[2024-01-27T23:52:14.160+0000] {processor.py:157} INFO - Started process (PID=11608) to work on /opt/airflow/dags/load_student_json_dag.py
[2024-01-27T23:52:14.162+0000] {processor.py:829} INFO - Processing file /opt/airflow/dags/load_student_json_dag.py for tasks to queue
[2024-01-27T23:52:14.163+0000] {logging_mixin.py:154} INFO - [2024-01-27T23:52:14.162+0000] {dagbag.py:536} INFO - Filling up the DagBag from /opt/airflow/dags/load_student_json_dag.py
[2024-01-27T23:52:14.169+0000] {logging_mixin.py:154} INFO - [2024-01-27T23:52:14.168+0000] {dagbag.py:346} ERROR - Failed to import: /opt/airflow/dags/load_student_json_dag.py
Traceback (most recent call last):
  File "/home/airflow/.local/lib/python3.8/site-packages/airflow/models/dagbag.py", line 342, in parse
    loader.exec_module(new_module)
  File "<frozen importlib._bootstrap_external>", line 843, in exec_module
  File "<frozen importlib._bootstrap>", line 219, in _call_with_frames_removed
  File "/opt/airflow/dags/load_student_json_dag.py", line 5, in <module>
    from scripts.paths import RAW_DATA_DIR, TRANSFORMED_DATA_DIR
ModuleNotFoundError: No module named 'scripts'
[2024-01-27T23:52:14.170+0000] {processor.py:841} WARNING - No viable dags retrieved from /opt/airflow/dags/load_student_json_dag.py
[2024-01-27T23:52:14.188+0000] {processor.py:179} INFO - Processing /opt/airflow/dags/load_student_json_dag.py took 0.032 seconds
[2024-01-27T23:52:44.529+0000] {processor.py:157} INFO - Started process (PID=11636) to work on /opt/airflow/dags/load_student_json_dag.py
[2024-01-27T23:52:44.530+0000] {processor.py:829} INFO - Processing file /opt/airflow/dags/load_student_json_dag.py for tasks to queue
[2024-01-27T23:52:44.531+0000] {logging_mixin.py:154} INFO - [2024-01-27T23:52:44.531+0000] {dagbag.py:536} INFO - Filling up the DagBag from /opt/airflow/dags/load_student_json_dag.py
[2024-01-27T23:52:44.537+0000] {logging_mixin.py:154} INFO - [2024-01-27T23:52:44.536+0000] {dagbag.py:346} ERROR - Failed to import: /opt/airflow/dags/load_student_json_dag.py
Traceback (most recent call last):
  File "/home/airflow/.local/lib/python3.8/site-packages/airflow/models/dagbag.py", line 342, in parse
    loader.exec_module(new_module)
  File "<frozen importlib._bootstrap_external>", line 843, in exec_module
  File "<frozen importlib._bootstrap>", line 219, in _call_with_frames_removed
  File "/opt/airflow/dags/load_student_json_dag.py", line 5, in <module>
    from scripts.paths import RAW_DATA_DIR, TRANSFORMED_DATA_DIR
ModuleNotFoundError: No module named 'scripts'
[2024-01-27T23:52:44.538+0000] {processor.py:841} WARNING - No viable dags retrieved from /opt/airflow/dags/load_student_json_dag.py
[2024-01-27T23:52:44.557+0000] {processor.py:179} INFO - Processing /opt/airflow/dags/load_student_json_dag.py took 0.032 seconds
[2024-01-27T23:59:33.794+0000] {processor.py:157} INFO - Started process (PID=11659) to work on /opt/airflow/dags/load_student_json_dag.py
[2024-01-27T23:59:33.795+0000] {processor.py:829} INFO - Processing file /opt/airflow/dags/load_student_json_dag.py for tasks to queue
[2024-01-27T23:59:33.796+0000] {logging_mixin.py:154} INFO - [2024-01-27T23:59:33.796+0000] {dagbag.py:536} INFO - Filling up the DagBag from /opt/airflow/dags/load_student_json_dag.py
[2024-01-27T23:59:33.799+0000] {logging_mixin.py:154} INFO - [2024-01-27T23:59:33.799+0000] {dagbag.py:346} ERROR - Failed to import: /opt/airflow/dags/load_student_json_dag.py
Traceback (most recent call last):
  File "/home/airflow/.local/lib/python3.8/site-packages/airflow/models/dagbag.py", line 342, in parse
    loader.exec_module(new_module)
  File "<frozen importlib._bootstrap_external>", line 843, in exec_module
  File "<frozen importlib._bootstrap>", line 219, in _call_with_frames_removed
  File "/opt/airflow/dags/load_student_json_dag.py", line 5, in <module>
    from scripts.paths import RAW_DATA_DIR, TRANSFORMED_DATA_DIR
ModuleNotFoundError: No module named 'scripts'
[2024-01-27T23:59:33.800+0000] {processor.py:841} WARNING - No viable dags retrieved from /opt/airflow/dags/load_student_json_dag.py
[2024-01-27T23:59:33.813+0000] {processor.py:179} INFO - Processing /opt/airflow/dags/load_student_json_dag.py took 0.020 seconds
