[2024-01-28T00:00:04.079+0000] {processor.py:157} INFO - Started process (PID=11688) to work on /opt/airflow/dags/load_student_json_dag.py
[2024-01-28T00:00:04.080+0000] {processor.py:829} INFO - Processing file /opt/airflow/dags/load_student_json_dag.py for tasks to queue
[2024-01-28T00:00:04.081+0000] {logging_mixin.py:154} INFO - [2024-01-28T00:00:04.081+0000] {dagbag.py:536} INFO - Filling up the DagBag from /opt/airflow/dags/load_student_json_dag.py
[2024-01-28T00:00:04.087+0000] {logging_mixin.py:154} INFO - [2024-01-28T00:00:04.086+0000] {dagbag.py:346} ERROR - Failed to import: /opt/airflow/dags/load_student_json_dag.py
Traceback (most recent call last):
  File "/home/airflow/.local/lib/python3.8/site-packages/airflow/models/dagbag.py", line 342, in parse
    loader.exec_module(new_module)
  File "<frozen importlib._bootstrap_external>", line 843, in exec_module
  File "<frozen importlib._bootstrap>", line 219, in _call_with_frames_removed
  File "/opt/airflow/dags/load_student_json_dag.py", line 5, in <module>
    from scripts.paths import RAW_DATA_DIR, TRANSFORMED_DATA_DIR
ModuleNotFoundError: No module named 'scripts'
[2024-01-28T00:00:04.087+0000] {processor.py:841} WARNING - No viable dags retrieved from /opt/airflow/dags/load_student_json_dag.py
[2024-01-28T00:00:04.105+0000] {processor.py:179} INFO - Processing /opt/airflow/dags/load_student_json_dag.py took 0.030 seconds
[2024-01-28T00:00:34.380+0000] {processor.py:157} INFO - Started process (PID=11717) to work on /opt/airflow/dags/load_student_json_dag.py
[2024-01-28T00:00:34.381+0000] {processor.py:829} INFO - Processing file /opt/airflow/dags/load_student_json_dag.py for tasks to queue
[2024-01-28T00:00:34.382+0000] {logging_mixin.py:154} INFO - [2024-01-28T00:00:34.382+0000] {dagbag.py:536} INFO - Filling up the DagBag from /opt/airflow/dags/load_student_json_dag.py
[2024-01-28T00:00:34.389+0000] {logging_mixin.py:154} INFO - [2024-01-28T00:00:34.388+0000] {dagbag.py:346} ERROR - Failed to import: /opt/airflow/dags/load_student_json_dag.py
Traceback (most recent call last):
  File "/home/airflow/.local/lib/python3.8/site-packages/airflow/models/dagbag.py", line 342, in parse
    loader.exec_module(new_module)
  File "<frozen importlib._bootstrap_external>", line 843, in exec_module
  File "<frozen importlib._bootstrap>", line 219, in _call_with_frames_removed
  File "/opt/airflow/dags/load_student_json_dag.py", line 5, in <module>
    from scripts.paths import RAW_DATA_DIR, TRANSFORMED_DATA_DIR
ModuleNotFoundError: No module named 'scripts'
[2024-01-28T00:00:34.389+0000] {processor.py:841} WARNING - No viable dags retrieved from /opt/airflow/dags/load_student_json_dag.py
[2024-01-28T00:00:34.407+0000] {processor.py:179} INFO - Processing /opt/airflow/dags/load_student_json_dag.py took 0.031 seconds
[2024-01-28T00:01:04.670+0000] {processor.py:157} INFO - Started process (PID=11746) to work on /opt/airflow/dags/load_student_json_dag.py
[2024-01-28T00:01:04.671+0000] {processor.py:829} INFO - Processing file /opt/airflow/dags/load_student_json_dag.py for tasks to queue
[2024-01-28T00:01:04.672+0000] {logging_mixin.py:154} INFO - [2024-01-28T00:01:04.672+0000] {dagbag.py:536} INFO - Filling up the DagBag from /opt/airflow/dags/load_student_json_dag.py
[2024-01-28T00:01:04.677+0000] {logging_mixin.py:154} INFO - [2024-01-28T00:01:04.677+0000] {dagbag.py:346} ERROR - Failed to import: /opt/airflow/dags/load_student_json_dag.py
Traceback (most recent call last):
  File "/home/airflow/.local/lib/python3.8/site-packages/airflow/models/dagbag.py", line 342, in parse
    loader.exec_module(new_module)
  File "<frozen importlib._bootstrap_external>", line 843, in exec_module
  File "<frozen importlib._bootstrap>", line 219, in _call_with_frames_removed
  File "/opt/airflow/dags/load_student_json_dag.py", line 5, in <module>
    from scripts.paths import RAW_DATA_DIR, TRANSFORMED_DATA_DIR
ModuleNotFoundError: No module named 'scripts'
[2024-01-28T00:01:04.678+0000] {processor.py:841} WARNING - No viable dags retrieved from /opt/airflow/dags/load_student_json_dag.py
[2024-01-28T00:01:04.695+0000] {processor.py:179} INFO - Processing /opt/airflow/dags/load_student_json_dag.py took 0.029 seconds
[2024-01-28T00:01:34.952+0000] {processor.py:157} INFO - Started process (PID=11767) to work on /opt/airflow/dags/load_student_json_dag.py
[2024-01-28T00:01:34.953+0000] {processor.py:829} INFO - Processing file /opt/airflow/dags/load_student_json_dag.py for tasks to queue
[2024-01-28T00:01:34.954+0000] {logging_mixin.py:154} INFO - [2024-01-28T00:01:34.954+0000] {dagbag.py:536} INFO - Filling up the DagBag from /opt/airflow/dags/load_student_json_dag.py
[2024-01-28T00:01:34.960+0000] {logging_mixin.py:154} INFO - [2024-01-28T00:01:34.959+0000] {dagbag.py:346} ERROR - Failed to import: /opt/airflow/dags/load_student_json_dag.py
Traceback (most recent call last):
  File "/home/airflow/.local/lib/python3.8/site-packages/airflow/models/dagbag.py", line 342, in parse
    loader.exec_module(new_module)
  File "<frozen importlib._bootstrap_external>", line 843, in exec_module
  File "<frozen importlib._bootstrap>", line 219, in _call_with_frames_removed
  File "/opt/airflow/dags/load_student_json_dag.py", line 5, in <module>
    from scripts.paths import RAW_DATA_DIR, TRANSFORMED_DATA_DIR
ModuleNotFoundError: No module named 'scripts'
[2024-01-28T00:01:34.961+0000] {processor.py:841} WARNING - No viable dags retrieved from /opt/airflow/dags/load_student_json_dag.py
[2024-01-28T00:01:34.978+0000] {processor.py:179} INFO - Processing /opt/airflow/dags/load_student_json_dag.py took 0.030 seconds
[2024-01-28T00:02:05.247+0000] {processor.py:157} INFO - Started process (PID=11797) to work on /opt/airflow/dags/load_student_json_dag.py
[2024-01-28T00:02:05.248+0000] {processor.py:829} INFO - Processing file /opt/airflow/dags/load_student_json_dag.py for tasks to queue
[2024-01-28T00:02:05.249+0000] {logging_mixin.py:154} INFO - [2024-01-28T00:02:05.249+0000] {dagbag.py:536} INFO - Filling up the DagBag from /opt/airflow/dags/load_student_json_dag.py
[2024-01-28T00:02:05.255+0000] {logging_mixin.py:154} INFO - [2024-01-28T00:02:05.254+0000] {dagbag.py:346} ERROR - Failed to import: /opt/airflow/dags/load_student_json_dag.py
Traceback (most recent call last):
  File "/home/airflow/.local/lib/python3.8/site-packages/airflow/models/dagbag.py", line 342, in parse
    loader.exec_module(new_module)
  File "<frozen importlib._bootstrap_external>", line 843, in exec_module
  File "<frozen importlib._bootstrap>", line 219, in _call_with_frames_removed
  File "/opt/airflow/dags/load_student_json_dag.py", line 5, in <module>
    from scripts.paths import RAW_DATA_DIR, TRANSFORMED_DATA_DIR
ModuleNotFoundError: No module named 'scripts'
[2024-01-28T00:02:05.256+0000] {processor.py:841} WARNING - No viable dags retrieved from /opt/airflow/dags/load_student_json_dag.py
[2024-01-28T00:02:05.273+0000] {processor.py:179} INFO - Processing /opt/airflow/dags/load_student_json_dag.py took 0.030 seconds
[2024-01-28T00:02:35.558+0000] {processor.py:157} INFO - Started process (PID=11826) to work on /opt/airflow/dags/load_student_json_dag.py
[2024-01-28T00:02:35.559+0000] {processor.py:829} INFO - Processing file /opt/airflow/dags/load_student_json_dag.py for tasks to queue
[2024-01-28T00:02:35.560+0000] {logging_mixin.py:154} INFO - [2024-01-28T00:02:35.560+0000] {dagbag.py:536} INFO - Filling up the DagBag from /opt/airflow/dags/load_student_json_dag.py
[2024-01-28T00:02:35.566+0000] {logging_mixin.py:154} INFO - [2024-01-28T00:02:35.565+0000] {dagbag.py:346} ERROR - Failed to import: /opt/airflow/dags/load_student_json_dag.py
Traceback (most recent call last):
  File "/home/airflow/.local/lib/python3.8/site-packages/airflow/models/dagbag.py", line 342, in parse
    loader.exec_module(new_module)
  File "<frozen importlib._bootstrap_external>", line 843, in exec_module
  File "<frozen importlib._bootstrap>", line 219, in _call_with_frames_removed
  File "/opt/airflow/dags/load_student_json_dag.py", line 5, in <module>
    from scripts.paths import RAW_DATA_DIR, TRANSFORMED_DATA_DIR
ModuleNotFoundError: No module named 'scripts'
[2024-01-28T00:02:35.566+0000] {processor.py:841} WARNING - No viable dags retrieved from /opt/airflow/dags/load_student_json_dag.py
[2024-01-28T00:02:35.583+0000] {processor.py:179} INFO - Processing /opt/airflow/dags/load_student_json_dag.py took 0.029 seconds
[2024-01-28T00:02:36.634+0000] {processor.py:157} INFO - Started process (PID=11831) to work on /opt/airflow/dags/load_student_json_dag.py
[2024-01-28T00:02:36.635+0000] {processor.py:829} INFO - Processing file /opt/airflow/dags/load_student_json_dag.py for tasks to queue
[2024-01-28T00:02:36.636+0000] {logging_mixin.py:154} INFO - [2024-01-28T00:02:36.636+0000] {dagbag.py:536} INFO - Filling up the DagBag from /opt/airflow/dags/load_student_json_dag.py
[2024-01-28T00:02:36.645+0000] {logging_mixin.py:154} INFO - [2024-01-28T00:02:36.644+0000] {dagbag.py:346} ERROR - Failed to import: /opt/airflow/dags/load_student_json_dag.py
Traceback (most recent call last):
  File "/home/airflow/.local/lib/python3.8/site-packages/airflow/models/dagbag.py", line 342, in parse
    loader.exec_module(new_module)
  File "<frozen importlib._bootstrap_external>", line 843, in exec_module
  File "<frozen importlib._bootstrap>", line 219, in _call_with_frames_removed
  File "/opt/airflow/dags/load_student_json_dag.py", line 5, in <module>
    from scripts.paths import RAW_DATA_DIR, TRANSFORMED_DATA_DIR
ModuleNotFoundError: No module named 'scripts'
[2024-01-28T00:02:36.646+0000] {processor.py:841} WARNING - No viable dags retrieved from /opt/airflow/dags/load_student_json_dag.py
[2024-01-28T00:02:36.664+0000] {processor.py:179} INFO - Processing /opt/airflow/dags/load_student_json_dag.py took 0.035 seconds
[2024-01-28T00:02:37.715+0000] {processor.py:157} INFO - Started process (PID=11836) to work on /opt/airflow/dags/load_student_json_dag.py
[2024-01-28T00:02:37.717+0000] {processor.py:829} INFO - Processing file /opt/airflow/dags/load_student_json_dag.py for tasks to queue
[2024-01-28T00:02:37.718+0000] {logging_mixin.py:154} INFO - [2024-01-28T00:02:37.717+0000] {dagbag.py:536} INFO - Filling up the DagBag from /opt/airflow/dags/load_student_json_dag.py
[2024-01-28T00:02:37.727+0000] {logging_mixin.py:154} INFO - [2024-01-28T00:02:37.726+0000] {dagbag.py:346} ERROR - Failed to import: /opt/airflow/dags/load_student_json_dag.py
Traceback (most recent call last):
  File "/home/airflow/.local/lib/python3.8/site-packages/airflow/models/dagbag.py", line 342, in parse
    loader.exec_module(new_module)
  File "<frozen importlib._bootstrap_external>", line 843, in exec_module
  File "<frozen importlib._bootstrap>", line 219, in _call_with_frames_removed
  File "/opt/airflow/dags/load_student_json_dag.py", line 5, in <module>
    from scripts.paths import RAW_DATA_DIR, TRANSFORMED_DATA_DIR
ModuleNotFoundError: No module named 'scripts'
[2024-01-28T00:02:37.728+0000] {processor.py:841} WARNING - No viable dags retrieved from /opt/airflow/dags/load_student_json_dag.py
[2024-01-28T00:02:37.748+0000] {processor.py:179} INFO - Processing /opt/airflow/dags/load_student_json_dag.py took 0.037 seconds
[2024-01-28T00:02:38.799+0000] {processor.py:157} INFO - Started process (PID=11841) to work on /opt/airflow/dags/load_student_json_dag.py
[2024-01-28T00:02:38.800+0000] {processor.py:829} INFO - Processing file /opt/airflow/dags/load_student_json_dag.py for tasks to queue
[2024-01-28T00:02:38.801+0000] {logging_mixin.py:154} INFO - [2024-01-28T00:02:38.801+0000] {dagbag.py:536} INFO - Filling up the DagBag from /opt/airflow/dags/load_student_json_dag.py
[2024-01-28T00:02:38.808+0000] {logging_mixin.py:154} INFO - [2024-01-28T00:02:38.807+0000] {dagbag.py:346} ERROR - Failed to import: /opt/airflow/dags/load_student_json_dag.py
Traceback (most recent call last):
  File "/home/airflow/.local/lib/python3.8/site-packages/airflow/models/dagbag.py", line 342, in parse
    loader.exec_module(new_module)
  File "<frozen importlib._bootstrap_external>", line 843, in exec_module
  File "<frozen importlib._bootstrap>", line 219, in _call_with_frames_removed
  File "/opt/airflow/dags/load_student_json_dag.py", line 5, in <module>
    from scripts.paths import RAW_DATA_DIR, TRANSFORMED_DATA_DIR
ModuleNotFoundError: No module named 'scripts'
[2024-01-28T00:02:38.809+0000] {processor.py:841} WARNING - No viable dags retrieved from /opt/airflow/dags/load_student_json_dag.py
[2024-01-28T00:02:38.828+0000] {processor.py:179} INFO - Processing /opt/airflow/dags/load_student_json_dag.py took 0.034 seconds
[2024-01-28T00:03:09.084+0000] {processor.py:157} INFO - Started process (PID=11870) to work on /opt/airflow/dags/load_student_json_dag.py
[2024-01-28T00:03:09.085+0000] {processor.py:829} INFO - Processing file /opt/airflow/dags/load_student_json_dag.py for tasks to queue
[2024-01-28T00:03:09.086+0000] {logging_mixin.py:154} INFO - [2024-01-28T00:03:09.086+0000] {dagbag.py:536} INFO - Filling up the DagBag from /opt/airflow/dags/load_student_json_dag.py
[2024-01-28T00:03:09.092+0000] {logging_mixin.py:154} INFO - [2024-01-28T00:03:09.091+0000] {dagbag.py:346} ERROR - Failed to import: /opt/airflow/dags/load_student_json_dag.py
Traceback (most recent call last):
  File "/home/airflow/.local/lib/python3.8/site-packages/airflow/models/dagbag.py", line 342, in parse
    loader.exec_module(new_module)
  File "<frozen importlib._bootstrap_external>", line 843, in exec_module
  File "<frozen importlib._bootstrap>", line 219, in _call_with_frames_removed
  File "/opt/airflow/dags/load_student_json_dag.py", line 5, in <module>
    from scripts.paths import RAW_DATA_DIR, TRANSFORMED_DATA_DIR
ModuleNotFoundError: No module named 'scripts'
[2024-01-28T00:03:09.093+0000] {processor.py:841} WARNING - No viable dags retrieved from /opt/airflow/dags/load_student_json_dag.py
[2024-01-28T00:03:09.112+0000] {processor.py:179} INFO - Processing /opt/airflow/dags/load_student_json_dag.py took 0.032 seconds
[2024-01-28T00:03:39.380+0000] {processor.py:157} INFO - Started process (PID=11899) to work on /opt/airflow/dags/load_student_json_dag.py
[2024-01-28T00:03:39.380+0000] {processor.py:829} INFO - Processing file /opt/airflow/dags/load_student_json_dag.py for tasks to queue
[2024-01-28T00:03:39.381+0000] {logging_mixin.py:154} INFO - [2024-01-28T00:03:39.381+0000] {dagbag.py:536} INFO - Filling up the DagBag from /opt/airflow/dags/load_student_json_dag.py
[2024-01-28T00:03:39.385+0000] {logging_mixin.py:154} INFO - [2024-01-28T00:03:39.384+0000] {dagbag.py:346} ERROR - Failed to import: /opt/airflow/dags/load_student_json_dag.py
Traceback (most recent call last):
  File "/home/airflow/.local/lib/python3.8/site-packages/airflow/models/dagbag.py", line 342, in parse
    loader.exec_module(new_module)
  File "<frozen importlib._bootstrap_external>", line 843, in exec_module
  File "<frozen importlib._bootstrap>", line 219, in _call_with_frames_removed
  File "/opt/airflow/dags/load_student_json_dag.py", line 5, in <module>
    from scripts.paths import RAW_DATA_DIR, TRANSFORMED_DATA_DIR
ModuleNotFoundError: No module named 'scripts'
[2024-01-28T00:03:39.385+0000] {processor.py:841} WARNING - No viable dags retrieved from /opt/airflow/dags/load_student_json_dag.py
[2024-01-28T00:03:39.397+0000] {processor.py:179} INFO - Processing /opt/airflow/dags/load_student_json_dag.py took 0.019 seconds
[2024-01-28T00:04:09.664+0000] {processor.py:157} INFO - Started process (PID=11920) to work on /opt/airflow/dags/load_student_json_dag.py
[2024-01-28T00:04:09.665+0000] {processor.py:829} INFO - Processing file /opt/airflow/dags/load_student_json_dag.py for tasks to queue
[2024-01-28T00:04:09.666+0000] {logging_mixin.py:154} INFO - [2024-01-28T00:04:09.666+0000] {dagbag.py:536} INFO - Filling up the DagBag from /opt/airflow/dags/load_student_json_dag.py
[2024-01-28T00:04:09.673+0000] {logging_mixin.py:154} INFO - [2024-01-28T00:04:09.671+0000] {dagbag.py:346} ERROR - Failed to import: /opt/airflow/dags/load_student_json_dag.py
Traceback (most recent call last):
  File "/home/airflow/.local/lib/python3.8/site-packages/airflow/models/dagbag.py", line 342, in parse
    loader.exec_module(new_module)
  File "<frozen importlib._bootstrap_external>", line 843, in exec_module
  File "<frozen importlib._bootstrap>", line 219, in _call_with_frames_removed
  File "/opt/airflow/dags/load_student_json_dag.py", line 5, in <module>
    from scripts.paths import RAW_DATA_DIR, TRANSFORMED_DATA_DIR
ModuleNotFoundError: No module named 'scripts'
[2024-01-28T00:04:09.673+0000] {processor.py:841} WARNING - No viable dags retrieved from /opt/airflow/dags/load_student_json_dag.py
[2024-01-28T00:04:09.692+0000] {processor.py:179} INFO - Processing /opt/airflow/dags/load_student_json_dag.py took 0.032 seconds
[2024-01-28T00:04:39.957+0000] {processor.py:157} INFO - Started process (PID=11949) to work on /opt/airflow/dags/load_student_json_dag.py
[2024-01-28T00:04:39.959+0000] {processor.py:829} INFO - Processing file /opt/airflow/dags/load_student_json_dag.py for tasks to queue
[2024-01-28T00:04:39.960+0000] {logging_mixin.py:154} INFO - [2024-01-28T00:04:39.959+0000] {dagbag.py:536} INFO - Filling up the DagBag from /opt/airflow/dags/load_student_json_dag.py
[2024-01-28T00:04:39.966+0000] {logging_mixin.py:154} INFO - [2024-01-28T00:04:39.965+0000] {dagbag.py:346} ERROR - Failed to import: /opt/airflow/dags/load_student_json_dag.py
Traceback (most recent call last):
  File "/home/airflow/.local/lib/python3.8/site-packages/airflow/models/dagbag.py", line 342, in parse
    loader.exec_module(new_module)
  File "<frozen importlib._bootstrap_external>", line 843, in exec_module
  File "<frozen importlib._bootstrap>", line 219, in _call_with_frames_removed
  File "/opt/airflow/dags/load_student_json_dag.py", line 5, in <module>
    from scripts.paths import RAW_DATA_DIR, TRANSFORMED_DATA_DIR
ModuleNotFoundError: No module named 'scripts'
[2024-01-28T00:04:39.967+0000] {processor.py:841} WARNING - No viable dags retrieved from /opt/airflow/dags/load_student_json_dag.py
[2024-01-28T00:04:39.985+0000] {processor.py:179} INFO - Processing /opt/airflow/dags/load_student_json_dag.py took 0.031 seconds
[2024-01-28T00:05:10.246+0000] {processor.py:157} INFO - Started process (PID=11978) to work on /opt/airflow/dags/load_student_json_dag.py
[2024-01-28T00:05:10.248+0000] {processor.py:829} INFO - Processing file /opt/airflow/dags/load_student_json_dag.py for tasks to queue
[2024-01-28T00:05:10.249+0000] {logging_mixin.py:154} INFO - [2024-01-28T00:05:10.248+0000] {dagbag.py:536} INFO - Filling up the DagBag from /opt/airflow/dags/load_student_json_dag.py
[2024-01-28T00:05:10.256+0000] {logging_mixin.py:154} INFO - [2024-01-28T00:05:10.254+0000] {dagbag.py:346} ERROR - Failed to import: /opt/airflow/dags/load_student_json_dag.py
Traceback (most recent call last):
  File "/home/airflow/.local/lib/python3.8/site-packages/airflow/models/dagbag.py", line 342, in parse
    loader.exec_module(new_module)
  File "<frozen importlib._bootstrap_external>", line 843, in exec_module
  File "<frozen importlib._bootstrap>", line 219, in _call_with_frames_removed
  File "/opt/airflow/dags/load_student_json_dag.py", line 5, in <module>
    from scripts.paths import RAW_DATA_DIR, TRANSFORMED_DATA_DIR
ModuleNotFoundError: No module named 'scripts'
[2024-01-28T00:05:10.256+0000] {processor.py:841} WARNING - No viable dags retrieved from /opt/airflow/dags/load_student_json_dag.py
[2024-01-28T00:05:10.276+0000] {processor.py:179} INFO - Processing /opt/airflow/dags/load_student_json_dag.py took 0.035 seconds
[2024-01-28T00:05:40.498+0000] {processor.py:157} INFO - Started process (PID=12007) to work on /opt/airflow/dags/load_student_json_dag.py
[2024-01-28T00:05:40.499+0000] {processor.py:829} INFO - Processing file /opt/airflow/dags/load_student_json_dag.py for tasks to queue
[2024-01-28T00:05:40.499+0000] {logging_mixin.py:154} INFO - [2024-01-28T00:05:40.499+0000] {dagbag.py:536} INFO - Filling up the DagBag from /opt/airflow/dags/load_student_json_dag.py
[2024-01-28T00:05:40.503+0000] {logging_mixin.py:154} INFO - [2024-01-28T00:05:40.502+0000] {dagbag.py:346} ERROR - Failed to import: /opt/airflow/dags/load_student_json_dag.py
Traceback (most recent call last):
  File "/home/airflow/.local/lib/python3.8/site-packages/airflow/models/dagbag.py", line 342, in parse
    loader.exec_module(new_module)
  File "<frozen importlib._bootstrap_external>", line 843, in exec_module
  File "<frozen importlib._bootstrap>", line 219, in _call_with_frames_removed
  File "/opt/airflow/dags/load_student_json_dag.py", line 5, in <module>
    from scripts.paths import RAW_DATA_DIR, TRANSFORMED_DATA_DIR
ModuleNotFoundError: No module named 'scripts'
[2024-01-28T00:05:40.503+0000] {processor.py:841} WARNING - No viable dags retrieved from /opt/airflow/dags/load_student_json_dag.py
[2024-01-28T00:05:40.514+0000] {processor.py:179} INFO - Processing /opt/airflow/dags/load_student_json_dag.py took 0.018 seconds
[2024-01-28T00:06:10.790+0000] {processor.py:157} INFO - Started process (PID=12028) to work on /opt/airflow/dags/load_student_json_dag.py
[2024-01-28T00:06:10.790+0000] {processor.py:829} INFO - Processing file /opt/airflow/dags/load_student_json_dag.py for tasks to queue
[2024-01-28T00:06:10.791+0000] {logging_mixin.py:154} INFO - [2024-01-28T00:06:10.791+0000] {dagbag.py:536} INFO - Filling up the DagBag from /opt/airflow/dags/load_student_json_dag.py
[2024-01-28T00:06:10.796+0000] {logging_mixin.py:154} INFO - [2024-01-28T00:06:10.795+0000] {dagbag.py:346} ERROR - Failed to import: /opt/airflow/dags/load_student_json_dag.py
Traceback (most recent call last):
  File "/home/airflow/.local/lib/python3.8/site-packages/airflow/models/dagbag.py", line 342, in parse
    loader.exec_module(new_module)
  File "<frozen importlib._bootstrap_external>", line 843, in exec_module
  File "<frozen importlib._bootstrap>", line 219, in _call_with_frames_removed
  File "/opt/airflow/dags/load_student_json_dag.py", line 5, in <module>
    from scripts.paths import RAW_DATA_DIR, TRANSFORMED_DATA_DIR
ModuleNotFoundError: No module named 'scripts'
[2024-01-28T00:06:10.796+0000] {processor.py:841} WARNING - No viable dags retrieved from /opt/airflow/dags/load_student_json_dag.py
[2024-01-28T00:06:10.809+0000] {processor.py:179} INFO - Processing /opt/airflow/dags/load_student_json_dag.py took 0.022 seconds
[2024-01-28T00:06:41.034+0000] {processor.py:157} INFO - Started process (PID=12056) to work on /opt/airflow/dags/load_student_json_dag.py
[2024-01-28T00:06:41.035+0000] {processor.py:829} INFO - Processing file /opt/airflow/dags/load_student_json_dag.py for tasks to queue
[2024-01-28T00:06:41.036+0000] {logging_mixin.py:154} INFO - [2024-01-28T00:06:41.035+0000] {dagbag.py:536} INFO - Filling up the DagBag from /opt/airflow/dags/load_student_json_dag.py
[2024-01-28T00:06:41.040+0000] {logging_mixin.py:154} INFO - [2024-01-28T00:06:41.039+0000] {dagbag.py:346} ERROR - Failed to import: /opt/airflow/dags/load_student_json_dag.py
Traceback (most recent call last):
  File "/home/airflow/.local/lib/python3.8/site-packages/airflow/models/dagbag.py", line 342, in parse
    loader.exec_module(new_module)
  File "<frozen importlib._bootstrap_external>", line 843, in exec_module
  File "<frozen importlib._bootstrap>", line 219, in _call_with_frames_removed
  File "/opt/airflow/dags/load_student_json_dag.py", line 5, in <module>
    from scripts.paths import RAW_DATA_DIR, TRANSFORMED_DATA_DIR
ModuleNotFoundError: No module named 'scripts'
[2024-01-28T00:06:41.040+0000] {processor.py:841} WARNING - No viable dags retrieved from /opt/airflow/dags/load_student_json_dag.py
[2024-01-28T00:06:41.052+0000] {processor.py:179} INFO - Processing /opt/airflow/dags/load_student_json_dag.py took 0.019 seconds
[2024-01-28T00:07:11.308+0000] {processor.py:157} INFO - Started process (PID=12085) to work on /opt/airflow/dags/load_student_json_dag.py
[2024-01-28T00:07:11.310+0000] {processor.py:829} INFO - Processing file /opt/airflow/dags/load_student_json_dag.py for tasks to queue
[2024-01-28T00:07:11.311+0000] {logging_mixin.py:154} INFO - [2024-01-28T00:07:11.310+0000] {dagbag.py:536} INFO - Filling up the DagBag from /opt/airflow/dags/load_student_json_dag.py
[2024-01-28T00:07:11.317+0000] {logging_mixin.py:154} INFO - [2024-01-28T00:07:11.315+0000] {dagbag.py:346} ERROR - Failed to import: /opt/airflow/dags/load_student_json_dag.py
Traceback (most recent call last):
  File "/home/airflow/.local/lib/python3.8/site-packages/airflow/models/dagbag.py", line 342, in parse
    loader.exec_module(new_module)
  File "<frozen importlib._bootstrap_external>", line 843, in exec_module
  File "<frozen importlib._bootstrap>", line 219, in _call_with_frames_removed
  File "/opt/airflow/dags/load_student_json_dag.py", line 5, in <module>
    from scripts.paths import RAW_DATA_DIR, TRANSFORMED_DATA_DIR
ModuleNotFoundError: No module named 'scripts'
[2024-01-28T00:07:11.317+0000] {processor.py:841} WARNING - No viable dags retrieved from /opt/airflow/dags/load_student_json_dag.py
[2024-01-28T00:07:11.335+0000] {processor.py:179} INFO - Processing /opt/airflow/dags/load_student_json_dag.py took 0.030 seconds
[2024-01-28T00:07:35.494+0000] {processor.py:157} INFO - Started process (PID=12106) to work on /opt/airflow/dags/load_student_json_dag.py
[2024-01-28T00:07:35.495+0000] {processor.py:829} INFO - Processing file /opt/airflow/dags/load_student_json_dag.py for tasks to queue
[2024-01-28T00:07:35.496+0000] {logging_mixin.py:154} INFO - [2024-01-28T00:07:35.496+0000] {dagbag.py:536} INFO - Filling up the DagBag from /opt/airflow/dags/load_student_json_dag.py
[2024-01-28T00:07:36.030+0000] {processor.py:841} WARNING - No viable dags retrieved from /opt/airflow/dags/load_student_json_dag.py
[2024-01-28T00:07:36.039+0000] {processor.py:179} INFO - Processing /opt/airflow/dags/load_student_json_dag.py took 0.549 seconds
[2024-01-28T00:08:06.276+0000] {processor.py:157} INFO - Started process (PID=12136) to work on /opt/airflow/dags/load_student_json_dag.py
[2024-01-28T00:08:06.277+0000] {processor.py:829} INFO - Processing file /opt/airflow/dags/load_student_json_dag.py for tasks to queue
[2024-01-28T00:08:06.278+0000] {logging_mixin.py:154} INFO - [2024-01-28T00:08:06.278+0000] {dagbag.py:536} INFO - Filling up the DagBag from /opt/airflow/dags/load_student_json_dag.py
[2024-01-28T00:08:06.560+0000] {processor.py:841} WARNING - No viable dags retrieved from /opt/airflow/dags/load_student_json_dag.py
[2024-01-28T00:08:06.569+0000] {processor.py:179} INFO - Processing /opt/airflow/dags/load_student_json_dag.py took 0.297 seconds
[2024-01-28T00:08:17.380+0000] {processor.py:157} INFO - Started process (PID=12150) to work on /opt/airflow/dags/load_student_json_dag.py
[2024-01-28T00:08:17.382+0000] {processor.py:829} INFO - Processing file /opt/airflow/dags/load_student_json_dag.py for tasks to queue
[2024-01-28T00:08:17.383+0000] {logging_mixin.py:154} INFO - [2024-01-28T00:08:17.383+0000] {dagbag.py:536} INFO - Filling up the DagBag from /opt/airflow/dags/load_student_json_dag.py
[2024-01-28T00:08:17.598+0000] {processor.py:841} WARNING - No viable dags retrieved from /opt/airflow/dags/load_student_json_dag.py
[2024-01-28T00:08:17.605+0000] {processor.py:179} INFO - Processing /opt/airflow/dags/load_student_json_dag.py took 0.229 seconds
[2024-01-28T00:08:18.660+0000] {processor.py:157} INFO - Started process (PID=12156) to work on /opt/airflow/dags/load_student_json_dag.py
[2024-01-28T00:08:18.662+0000] {processor.py:829} INFO - Processing file /opt/airflow/dags/load_student_json_dag.py for tasks to queue
[2024-01-28T00:08:18.663+0000] {logging_mixin.py:154} INFO - [2024-01-28T00:08:18.663+0000] {dagbag.py:536} INFO - Filling up the DagBag from /opt/airflow/dags/load_student_json_dag.py
[2024-01-28T00:08:18.874+0000] {processor.py:841} WARNING - No viable dags retrieved from /opt/airflow/dags/load_student_json_dag.py
[2024-01-28T00:08:18.882+0000] {processor.py:179} INFO - Processing /opt/airflow/dags/load_student_json_dag.py took 0.226 seconds
[2024-01-28T00:08:19.942+0000] {processor.py:157} INFO - Started process (PID=12162) to work on /opt/airflow/dags/load_student_json_dag.py
[2024-01-28T00:08:19.943+0000] {processor.py:829} INFO - Processing file /opt/airflow/dags/load_student_json_dag.py for tasks to queue
[2024-01-28T00:08:19.944+0000] {logging_mixin.py:154} INFO - [2024-01-28T00:08:19.944+0000] {dagbag.py:536} INFO - Filling up the DagBag from /opt/airflow/dags/load_student_json_dag.py
[2024-01-28T00:08:20.162+0000] {processor.py:841} WARNING - No viable dags retrieved from /opt/airflow/dags/load_student_json_dag.py
[2024-01-28T00:08:20.170+0000] {processor.py:179} INFO - Processing /opt/airflow/dags/load_student_json_dag.py took 0.234 seconds
[2024-01-28T00:08:28.294+0000] {processor.py:157} INFO - Started process (PID=12176) to work on /opt/airflow/dags/load_student_json_dag.py
[2024-01-28T00:08:28.295+0000] {processor.py:829} INFO - Processing file /opt/airflow/dags/load_student_json_dag.py for tasks to queue
[2024-01-28T00:08:28.297+0000] {logging_mixin.py:154} INFO - [2024-01-28T00:08:28.296+0000] {dagbag.py:536} INFO - Filling up the DagBag from /opt/airflow/dags/load_student_json_dag.py
[2024-01-28T00:08:28.522+0000] {processor.py:841} WARNING - No viable dags retrieved from /opt/airflow/dags/load_student_json_dag.py
[2024-01-28T00:08:28.530+0000] {processor.py:179} INFO - Processing /opt/airflow/dags/load_student_json_dag.py took 0.241 seconds
[2024-01-28T00:08:29.579+0000] {processor.py:157} INFO - Started process (PID=12182) to work on /opt/airflow/dags/load_student_json_dag.py
[2024-01-28T00:08:29.581+0000] {processor.py:829} INFO - Processing file /opt/airflow/dags/load_student_json_dag.py for tasks to queue
[2024-01-28T00:08:29.582+0000] {logging_mixin.py:154} INFO - [2024-01-28T00:08:29.582+0000] {dagbag.py:536} INFO - Filling up the DagBag from /opt/airflow/dags/load_student_json_dag.py
[2024-01-28T00:08:29.790+0000] {processor.py:841} WARNING - No viable dags retrieved from /opt/airflow/dags/load_student_json_dag.py
[2024-01-28T00:08:29.799+0000] {processor.py:179} INFO - Processing /opt/airflow/dags/load_student_json_dag.py took 0.223 seconds
[2024-01-28T00:08:59.854+0000] {processor.py:157} INFO - Started process (PID=12211) to work on /opt/airflow/dags/load_student_json_dag.py
[2024-01-28T00:08:59.855+0000] {processor.py:829} INFO - Processing file /opt/airflow/dags/load_student_json_dag.py for tasks to queue
[2024-01-28T00:08:59.856+0000] {logging_mixin.py:154} INFO - [2024-01-28T00:08:59.856+0000] {dagbag.py:536} INFO - Filling up the DagBag from /opt/airflow/dags/load_student_json_dag.py
[2024-01-28T00:09:00.066+0000] {processor.py:841} WARNING - No viable dags retrieved from /opt/airflow/dags/load_student_json_dag.py
[2024-01-28T00:09:00.075+0000] {processor.py:179} INFO - Processing /opt/airflow/dags/load_student_json_dag.py took 0.222 seconds
[2024-01-28T00:09:30.397+0000] {processor.py:157} INFO - Started process (PID=12234) to work on /opt/airflow/dags/load_student_json_dag.py
[2024-01-28T00:09:30.398+0000] {processor.py:829} INFO - Processing file /opt/airflow/dags/load_student_json_dag.py for tasks to queue
[2024-01-28T00:09:30.399+0000] {logging_mixin.py:154} INFO - [2024-01-28T00:09:30.399+0000] {dagbag.py:536} INFO - Filling up the DagBag from /opt/airflow/dags/load_student_json_dag.py
[2024-01-28T00:09:30.601+0000] {processor.py:841} WARNING - No viable dags retrieved from /opt/airflow/dags/load_student_json_dag.py
[2024-01-28T00:09:30.609+0000] {processor.py:179} INFO - Processing /opt/airflow/dags/load_student_json_dag.py took 0.215 seconds
[2024-01-28T00:10:00.717+0000] {processor.py:157} INFO - Started process (PID=12264) to work on /opt/airflow/dags/load_student_json_dag.py
[2024-01-28T00:10:00.719+0000] {processor.py:829} INFO - Processing file /opt/airflow/dags/load_student_json_dag.py for tasks to queue
[2024-01-28T00:10:00.720+0000] {logging_mixin.py:154} INFO - [2024-01-28T00:10:00.719+0000] {dagbag.py:536} INFO - Filling up the DagBag from /opt/airflow/dags/load_student_json_dag.py
[2024-01-28T00:10:00.936+0000] {processor.py:841} WARNING - No viable dags retrieved from /opt/airflow/dags/load_student_json_dag.py
[2024-01-28T00:10:00.945+0000] {processor.py:179} INFO - Processing /opt/airflow/dags/load_student_json_dag.py took 0.231 seconds
[2024-01-28T00:10:31.047+0000] {processor.py:157} INFO - Started process (PID=12294) to work on /opt/airflow/dags/load_student_json_dag.py
[2024-01-28T00:10:31.049+0000] {processor.py:829} INFO - Processing file /opt/airflow/dags/load_student_json_dag.py for tasks to queue
[2024-01-28T00:10:31.050+0000] {logging_mixin.py:154} INFO - [2024-01-28T00:10:31.049+0000] {dagbag.py:536} INFO - Filling up the DagBag from /opt/airflow/dags/load_student_json_dag.py
[2024-01-28T00:10:31.250+0000] {processor.py:841} WARNING - No viable dags retrieved from /opt/airflow/dags/load_student_json_dag.py
[2024-01-28T00:10:31.258+0000] {processor.py:179} INFO - Processing /opt/airflow/dags/load_student_json_dag.py took 0.214 seconds
[2024-01-28T00:11:01.535+0000] {processor.py:157} INFO - Started process (PID=12316) to work on /opt/airflow/dags/load_student_json_dag.py
[2024-01-28T00:11:01.536+0000] {processor.py:829} INFO - Processing file /opt/airflow/dags/load_student_json_dag.py for tasks to queue
[2024-01-28T00:11:01.537+0000] {logging_mixin.py:154} INFO - [2024-01-28T00:11:01.537+0000] {dagbag.py:536} INFO - Filling up the DagBag from /opt/airflow/dags/load_student_json_dag.py
[2024-01-28T00:11:01.766+0000] {processor.py:841} WARNING - No viable dags retrieved from /opt/airflow/dags/load_student_json_dag.py
[2024-01-28T00:11:01.774+0000] {processor.py:179} INFO - Processing /opt/airflow/dags/load_student_json_dag.py took 0.243 seconds
[2024-01-28T00:11:32.077+0000] {processor.py:157} INFO - Started process (PID=12346) to work on /opt/airflow/dags/load_student_json_dag.py
[2024-01-28T00:11:32.078+0000] {processor.py:829} INFO - Processing file /opt/airflow/dags/load_student_json_dag.py for tasks to queue
[2024-01-28T00:11:32.080+0000] {logging_mixin.py:154} INFO - [2024-01-28T00:11:32.079+0000] {dagbag.py:536} INFO - Filling up the DagBag from /opt/airflow/dags/load_student_json_dag.py
[2024-01-28T00:11:32.302+0000] {processor.py:841} WARNING - No viable dags retrieved from /opt/airflow/dags/load_student_json_dag.py
[2024-01-28T00:11:32.309+0000] {processor.py:179} INFO - Processing /opt/airflow/dags/load_student_json_dag.py took 0.237 seconds
[2024-01-28T00:12:38.425+0000] {processor.py:157} INFO - Started process (PID=165) to work on /opt/airflow/dags/load_student_json_dag.py
[2024-01-28T00:12:38.426+0000] {processor.py:829} INFO - Processing file /opt/airflow/dags/load_student_json_dag.py for tasks to queue
[2024-01-28T00:12:38.426+0000] {logging_mixin.py:154} INFO - [2024-01-28T00:12:38.426+0000] {dagbag.py:536} INFO - Filling up the DagBag from /opt/airflow/dags/load_student_json_dag.py
[2024-01-28T00:12:39.033+0000] {processor.py:841} WARNING - No viable dags retrieved from /opt/airflow/dags/load_student_json_dag.py
[2024-01-28T00:12:39.041+0000] {processor.py:179} INFO - Processing /opt/airflow/dags/load_student_json_dag.py took 0.617 seconds
[2024-01-28T00:13:09.211+0000] {processor.py:157} INFO - Started process (PID=195) to work on /opt/airflow/dags/load_student_json_dag.py
[2024-01-28T00:13:09.212+0000] {processor.py:829} INFO - Processing file /opt/airflow/dags/load_student_json_dag.py for tasks to queue
[2024-01-28T00:13:09.213+0000] {logging_mixin.py:154} INFO - [2024-01-28T00:13:09.213+0000] {dagbag.py:536} INFO - Filling up the DagBag from /opt/airflow/dags/load_student_json_dag.py
[2024-01-28T00:13:09.424+0000] {processor.py:841} WARNING - No viable dags retrieved from /opt/airflow/dags/load_student_json_dag.py
[2024-01-28T00:13:09.432+0000] {processor.py:179} INFO - Processing /opt/airflow/dags/load_student_json_dag.py took 0.225 seconds
[2024-01-28T00:13:39.681+0000] {processor.py:157} INFO - Started process (PID=225) to work on /opt/airflow/dags/load_student_json_dag.py
[2024-01-28T00:13:39.682+0000] {processor.py:829} INFO - Processing file /opt/airflow/dags/load_student_json_dag.py for tasks to queue
[2024-01-28T00:13:39.683+0000] {logging_mixin.py:154} INFO - [2024-01-28T00:13:39.683+0000] {dagbag.py:536} INFO - Filling up the DagBag from /opt/airflow/dags/load_student_json_dag.py
[2024-01-28T00:13:39.888+0000] {processor.py:841} WARNING - No viable dags retrieved from /opt/airflow/dags/load_student_json_dag.py
[2024-01-28T00:13:39.896+0000] {processor.py:179} INFO - Processing /opt/airflow/dags/load_student_json_dag.py took 0.220 seconds
[2024-01-28T00:14:09.944+0000] {processor.py:157} INFO - Started process (PID=247) to work on /opt/airflow/dags/load_student_json_dag.py
[2024-01-28T00:14:09.946+0000] {processor.py:829} INFO - Processing file /opt/airflow/dags/load_student_json_dag.py for tasks to queue
[2024-01-28T00:14:09.947+0000] {logging_mixin.py:154} INFO - [2024-01-28T00:14:09.946+0000] {dagbag.py:536} INFO - Filling up the DagBag from /opt/airflow/dags/load_student_json_dag.py
[2024-01-28T00:14:10.157+0000] {processor.py:841} WARNING - No viable dags retrieved from /opt/airflow/dags/load_student_json_dag.py
[2024-01-28T00:14:10.166+0000] {processor.py:179} INFO - Processing /opt/airflow/dags/load_student_json_dag.py took 0.226 seconds
[2024-01-28T00:14:40.330+0000] {processor.py:157} INFO - Started process (PID=277) to work on /opt/airflow/dags/load_student_json_dag.py
[2024-01-28T00:14:40.331+0000] {processor.py:829} INFO - Processing file /opt/airflow/dags/load_student_json_dag.py for tasks to queue
[2024-01-28T00:14:40.332+0000] {logging_mixin.py:154} INFO - [2024-01-28T00:14:40.332+0000] {dagbag.py:536} INFO - Filling up the DagBag from /opt/airflow/dags/load_student_json_dag.py
[2024-01-28T00:14:40.532+0000] {processor.py:841} WARNING - No viable dags retrieved from /opt/airflow/dags/load_student_json_dag.py
[2024-01-28T00:14:40.540+0000] {processor.py:179} INFO - Processing /opt/airflow/dags/load_student_json_dag.py took 0.213 seconds
[2024-01-28T00:15:10.781+0000] {processor.py:157} INFO - Started process (PID=307) to work on /opt/airflow/dags/load_student_json_dag.py
[2024-01-28T00:15:10.783+0000] {processor.py:829} INFO - Processing file /opt/airflow/dags/load_student_json_dag.py for tasks to queue
[2024-01-28T00:15:10.784+0000] {logging_mixin.py:154} INFO - [2024-01-28T00:15:10.783+0000] {dagbag.py:536} INFO - Filling up the DagBag from /opt/airflow/dags/load_student_json_dag.py
[2024-01-28T00:15:10.985+0000] {processor.py:841} WARNING - No viable dags retrieved from /opt/airflow/dags/load_student_json_dag.py
[2024-01-28T00:15:10.992+0000] {processor.py:179} INFO - Processing /opt/airflow/dags/load_student_json_dag.py took 0.216 seconds
[2024-01-28T00:15:41.105+0000] {processor.py:157} INFO - Started process (PID=337) to work on /opt/airflow/dags/load_student_json_dag.py
[2024-01-28T00:15:41.107+0000] {processor.py:829} INFO - Processing file /opt/airflow/dags/load_student_json_dag.py for tasks to queue
[2024-01-28T00:15:41.108+0000] {logging_mixin.py:154} INFO - [2024-01-28T00:15:41.107+0000] {dagbag.py:536} INFO - Filling up the DagBag from /opt/airflow/dags/load_student_json_dag.py
[2024-01-28T00:15:41.307+0000] {processor.py:841} WARNING - No viable dags retrieved from /opt/airflow/dags/load_student_json_dag.py
[2024-01-28T00:15:41.315+0000] {processor.py:179} INFO - Processing /opt/airflow/dags/load_student_json_dag.py took 0.214 seconds
[2024-01-28T00:16:11.524+0000] {processor.py:157} INFO - Started process (PID=359) to work on /opt/airflow/dags/load_student_json_dag.py
[2024-01-28T00:16:11.525+0000] {processor.py:829} INFO - Processing file /opt/airflow/dags/load_student_json_dag.py for tasks to queue
[2024-01-28T00:16:11.526+0000] {logging_mixin.py:154} INFO - [2024-01-28T00:16:11.526+0000] {dagbag.py:536} INFO - Filling up the DagBag from /opt/airflow/dags/load_student_json_dag.py
[2024-01-28T00:16:11.743+0000] {processor.py:841} WARNING - No viable dags retrieved from /opt/airflow/dags/load_student_json_dag.py
[2024-01-28T00:16:11.751+0000] {processor.py:179} INFO - Processing /opt/airflow/dags/load_student_json_dag.py took 0.232 seconds
[2024-01-28T00:16:41.846+0000] {processor.py:157} INFO - Started process (PID=389) to work on /opt/airflow/dags/load_student_json_dag.py
[2024-01-28T00:16:41.847+0000] {processor.py:829} INFO - Processing file /opt/airflow/dags/load_student_json_dag.py for tasks to queue
[2024-01-28T00:16:41.848+0000] {logging_mixin.py:154} INFO - [2024-01-28T00:16:41.848+0000] {dagbag.py:536} INFO - Filling up the DagBag from /opt/airflow/dags/load_student_json_dag.py
[2024-01-28T00:16:42.049+0000] {processor.py:841} WARNING - No viable dags retrieved from /opt/airflow/dags/load_student_json_dag.py
[2024-01-28T00:16:42.056+0000] {processor.py:179} INFO - Processing /opt/airflow/dags/load_student_json_dag.py took 0.215 seconds
[2024-01-28T00:17:12.259+0000] {processor.py:157} INFO - Started process (PID=419) to work on /opt/airflow/dags/load_student_json_dag.py
[2024-01-28T00:17:12.260+0000] {processor.py:829} INFO - Processing file /opt/airflow/dags/load_student_json_dag.py for tasks to queue
[2024-01-28T00:17:12.261+0000] {logging_mixin.py:154} INFO - [2024-01-28T00:17:12.261+0000] {dagbag.py:536} INFO - Filling up the DagBag from /opt/airflow/dags/load_student_json_dag.py
[2024-01-28T00:17:12.462+0000] {processor.py:841} WARNING - No viable dags retrieved from /opt/airflow/dags/load_student_json_dag.py
[2024-01-28T00:17:12.470+0000] {processor.py:179} INFO - Processing /opt/airflow/dags/load_student_json_dag.py took 0.215 seconds
[2024-01-28T00:17:42.650+0000] {processor.py:157} INFO - Started process (PID=449) to work on /opt/airflow/dags/load_student_json_dag.py
[2024-01-28T00:17:42.651+0000] {processor.py:829} INFO - Processing file /opt/airflow/dags/load_student_json_dag.py for tasks to queue
[2024-01-28T00:17:42.652+0000] {logging_mixin.py:154} INFO - [2024-01-28T00:17:42.652+0000] {dagbag.py:536} INFO - Filling up the DagBag from /opt/airflow/dags/load_student_json_dag.py
[2024-01-28T00:17:42.865+0000] {processor.py:841} WARNING - No viable dags retrieved from /opt/airflow/dags/load_student_json_dag.py
[2024-01-28T00:17:42.872+0000] {processor.py:179} INFO - Processing /opt/airflow/dags/load_student_json_dag.py took 0.227 seconds
[2024-01-28T00:18:13.074+0000] {processor.py:157} INFO - Started process (PID=471) to work on /opt/airflow/dags/load_student_json_dag.py
[2024-01-28T00:18:13.076+0000] {processor.py:829} INFO - Processing file /opt/airflow/dags/load_student_json_dag.py for tasks to queue
[2024-01-28T00:18:13.077+0000] {logging_mixin.py:154} INFO - [2024-01-28T00:18:13.077+0000] {dagbag.py:536} INFO - Filling up the DagBag from /opt/airflow/dags/load_student_json_dag.py
[2024-01-28T00:18:13.342+0000] {processor.py:841} WARNING - No viable dags retrieved from /opt/airflow/dags/load_student_json_dag.py
[2024-01-28T00:18:13.360+0000] {processor.py:179} INFO - Processing /opt/airflow/dags/load_student_json_dag.py took 0.290 seconds
[2024-01-28T00:18:43.467+0000] {processor.py:157} INFO - Started process (PID=501) to work on /opt/airflow/dags/load_student_json_dag.py
[2024-01-28T00:18:43.468+0000] {processor.py:829} INFO - Processing file /opt/airflow/dags/load_student_json_dag.py for tasks to queue
[2024-01-28T00:18:43.470+0000] {logging_mixin.py:154} INFO - [2024-01-28T00:18:43.469+0000] {dagbag.py:536} INFO - Filling up the DagBag from /opt/airflow/dags/load_student_json_dag.py
[2024-01-28T00:18:43.685+0000] {processor.py:841} WARNING - No viable dags retrieved from /opt/airflow/dags/load_student_json_dag.py
[2024-01-28T00:18:43.705+0000] {processor.py:179} INFO - Processing /opt/airflow/dags/load_student_json_dag.py took 0.242 seconds
[2024-01-28T00:19:13.830+0000] {processor.py:157} INFO - Started process (PID=531) to work on /opt/airflow/dags/load_student_json_dag.py
[2024-01-28T00:19:13.831+0000] {processor.py:829} INFO - Processing file /opt/airflow/dags/load_student_json_dag.py for tasks to queue
[2024-01-28T00:19:13.832+0000] {logging_mixin.py:154} INFO - [2024-01-28T00:19:13.832+0000] {dagbag.py:536} INFO - Filling up the DagBag from /opt/airflow/dags/load_student_json_dag.py
[2024-01-28T00:19:14.040+0000] {processor.py:841} WARNING - No viable dags retrieved from /opt/airflow/dags/load_student_json_dag.py
[2024-01-28T00:19:14.048+0000] {processor.py:179} INFO - Processing /opt/airflow/dags/load_student_json_dag.py took 0.222 seconds
[2024-01-28T00:19:44.230+0000] {processor.py:157} INFO - Started process (PID=561) to work on /opt/airflow/dags/load_student_json_dag.py
[2024-01-28T00:19:44.231+0000] {processor.py:829} INFO - Processing file /opt/airflow/dags/load_student_json_dag.py for tasks to queue
[2024-01-28T00:19:44.232+0000] {logging_mixin.py:154} INFO - [2024-01-28T00:19:44.232+0000] {dagbag.py:536} INFO - Filling up the DagBag from /opt/airflow/dags/load_student_json_dag.py
[2024-01-28T00:19:44.439+0000] {processor.py:841} WARNING - No viable dags retrieved from /opt/airflow/dags/load_student_json_dag.py
[2024-01-28T00:19:44.447+0000] {processor.py:179} INFO - Processing /opt/airflow/dags/load_student_json_dag.py took 0.221 seconds
[2024-01-28T00:20:14.625+0000] {processor.py:157} INFO - Started process (PID=583) to work on /opt/airflow/dags/load_student_json_dag.py
[2024-01-28T00:20:14.626+0000] {processor.py:829} INFO - Processing file /opt/airflow/dags/load_student_json_dag.py for tasks to queue
[2024-01-28T00:20:14.627+0000] {logging_mixin.py:154} INFO - [2024-01-28T00:20:14.626+0000] {dagbag.py:536} INFO - Filling up the DagBag from /opt/airflow/dags/load_student_json_dag.py
[2024-01-28T00:20:14.825+0000] {processor.py:841} WARNING - No viable dags retrieved from /opt/airflow/dags/load_student_json_dag.py
[2024-01-28T00:20:14.833+0000] {processor.py:179} INFO - Processing /opt/airflow/dags/load_student_json_dag.py took 0.210 seconds
[2024-01-28T00:20:45.010+0000] {processor.py:157} INFO - Started process (PID=614) to work on /opt/airflow/dags/load_student_json_dag.py
[2024-01-28T00:20:45.011+0000] {processor.py:829} INFO - Processing file /opt/airflow/dags/load_student_json_dag.py for tasks to queue
[2024-01-28T00:20:45.013+0000] {logging_mixin.py:154} INFO - [2024-01-28T00:20:45.012+0000] {dagbag.py:536} INFO - Filling up the DagBag from /opt/airflow/dags/load_student_json_dag.py
[2024-01-28T00:20:45.216+0000] {processor.py:841} WARNING - No viable dags retrieved from /opt/airflow/dags/load_student_json_dag.py
[2024-01-28T00:20:45.223+0000] {processor.py:179} INFO - Processing /opt/airflow/dags/load_student_json_dag.py took 0.219 seconds
[2024-01-28T00:21:15.347+0000] {processor.py:157} INFO - Started process (PID=644) to work on /opt/airflow/dags/load_student_json_dag.py
[2024-01-28T00:21:15.349+0000] {processor.py:829} INFO - Processing file /opt/airflow/dags/load_student_json_dag.py for tasks to queue
[2024-01-28T00:21:15.350+0000] {logging_mixin.py:154} INFO - [2024-01-28T00:21:15.349+0000] {dagbag.py:536} INFO - Filling up the DagBag from /opt/airflow/dags/load_student_json_dag.py
[2024-01-28T00:21:15.574+0000] {processor.py:841} WARNING - No viable dags retrieved from /opt/airflow/dags/load_student_json_dag.py
[2024-01-28T00:21:15.582+0000] {processor.py:179} INFO - Processing /opt/airflow/dags/load_student_json_dag.py took 0.240 seconds
[2024-01-28T00:21:45.720+0000] {processor.py:157} INFO - Started process (PID=674) to work on /opt/airflow/dags/load_student_json_dag.py
[2024-01-28T00:21:45.722+0000] {processor.py:829} INFO - Processing file /opt/airflow/dags/load_student_json_dag.py for tasks to queue
[2024-01-28T00:21:45.723+0000] {logging_mixin.py:154} INFO - [2024-01-28T00:21:45.722+0000] {dagbag.py:536} INFO - Filling up the DagBag from /opt/airflow/dags/load_student_json_dag.py
[2024-01-28T00:21:45.937+0000] {processor.py:841} WARNING - No viable dags retrieved from /opt/airflow/dags/load_student_json_dag.py
[2024-01-28T00:21:45.945+0000] {processor.py:179} INFO - Processing /opt/airflow/dags/load_student_json_dag.py took 0.229 seconds
