[2024-01-27T19:33:08.921+0000] {manager.py:487} INFO - Processing files using up to 2 processes at a time 
[2024-01-27T19:33:08.922+0000] {manager.py:488} INFO - Process each file at most once every 30 seconds
[2024-01-27T19:33:08.922+0000] {manager.py:489} INFO - Checking for new files in /opt/airflow/dags every 300 seconds
[2024-01-27T19:33:08.922+0000] {manager.py:755} INFO - Searching for files in /opt/airflow/dags
[2024-01-27T19:33:08.924+0000] {manager.py:758} INFO - There are 0 files in /opt/airflow/dags
[2024-01-27T19:38:09.158+0000] {manager.py:755} INFO - Searching for files in /opt/airflow/dags
[2024-01-27T19:38:09.161+0000] {manager.py:758} INFO - There are 0 files in /opt/airflow/dags
[2024-01-27T19:43:09.713+0000] {manager.py:755} INFO - Searching for files in /opt/airflow/dags
[2024-01-27T19:43:09.717+0000] {manager.py:758} INFO - There are 0 files in /opt/airflow/dags
[2024-01-27T19:48:10.178+0000] {manager.py:755} INFO - Searching for files in /opt/airflow/dags
[2024-01-27T19:48:10.179+0000] {manager.py:758} INFO - There are 0 files in /opt/airflow/dags
[2024-01-27T19:53:10.608+0000] {manager.py:755} INFO - Searching for files in /opt/airflow/dags
[2024-01-27T19:53:10.630+0000] {manager.py:758} INFO - There are 0 files in /opt/airflow/dags
[2024-01-27T19:58:11.127+0000] {manager.py:755} INFO - Searching for files in /opt/airflow/dags
[2024-01-27T19:58:11.132+0000] {manager.py:758} INFO - There are 0 files in /opt/airflow/dags
[2024-01-27T20:03:11.553+0000] {manager.py:755} INFO - Searching for files in /opt/airflow/dags
[2024-01-27T20:03:11.558+0000] {manager.py:758} INFO - There are 0 files in /opt/airflow/dags
[2024-01-27T20:08:11.940+0000] {manager.py:755} INFO - Searching for files in /opt/airflow/dags
[2024-01-27T20:08:11.946+0000] {manager.py:758} INFO - There are 0 files in /opt/airflow/dags
[2024-01-27T20:13:12.327+0000] {manager.py:755} INFO - Searching for files in /opt/airflow/dags
[2024-01-27T20:13:12.332+0000] {manager.py:758} INFO - There are 0 files in /opt/airflow/dags
[2024-01-27T20:18:12.678+0000] {manager.py:755} INFO - Searching for files in /opt/airflow/dags
[2024-01-27T20:18:12.683+0000] {manager.py:758} INFO - There are 0 files in /opt/airflow/dags
[2024-01-27T20:23:13.046+0000] {manager.py:755} INFO - Searching for files in /opt/airflow/dags
[2024-01-27T20:23:13.048+0000] {manager.py:758} INFO - There are 0 files in /opt/airflow/dags
[2024-01-27T20:28:13.452+0000] {manager.py:755} INFO - Searching for files in /opt/airflow/dags
[2024-01-27T20:28:13.458+0000] {manager.py:758} INFO - There are 0 files in /opt/airflow/dags
[2024-01-27T20:33:13.988+0000] {manager.py:755} INFO - Searching for files in /opt/airflow/dags
[2024-01-27T20:33:13.994+0000] {manager.py:758} INFO - There are 0 files in /opt/airflow/dags
[2024-01-27T20:38:14.532+0000] {manager.py:755} INFO - Searching for files in /opt/airflow/dags
[2024-01-27T20:38:14.538+0000] {manager.py:758} INFO - There are 0 files in /opt/airflow/dags
[2024-01-27T20:43:15.066+0000] {manager.py:755} INFO - Searching for files in /opt/airflow/dags
[2024-01-27T20:43:15.072+0000] {manager.py:758} INFO - There are 0 files in /opt/airflow/dags
[2024-01-27T20:48:15.493+0000] {manager.py:755} INFO - Searching for files in /opt/airflow/dags
[2024-01-27T20:48:15.498+0000] {manager.py:758} INFO - There are 0 files in /opt/airflow/dags
[2024-01-27T20:53:15.998+0000] {manager.py:755} INFO - Searching for files in /opt/airflow/dags
[2024-01-27T20:53:16.002+0000] {manager.py:758} INFO - There are 0 files in /opt/airflow/dags
[2024-01-27T20:58:16.665+0000] {manager.py:755} INFO - Searching for files in /opt/airflow/dags
[2024-01-27T20:58:16.666+0000] {manager.py:758} INFO - There are 0 files in /opt/airflow/dags
[2024-01-27T21:03:17.135+0000] {manager.py:755} INFO - Searching for files in /opt/airflow/dags
[2024-01-27T21:03:17.139+0000] {manager.py:758} INFO - There are 0 files in /opt/airflow/dags
[2024-01-27T21:08:17.623+0000] {manager.py:755} INFO - Searching for files in /opt/airflow/dags
[2024-01-27T21:08:17.629+0000] {manager.py:758} INFO - There are 0 files in /opt/airflow/dags
[2024-01-27T21:13:18.011+0000] {manager.py:755} INFO - Searching for files in /opt/airflow/dags
[2024-01-27T21:13:18.017+0000] {manager.py:758} INFO - There are 0 files in /opt/airflow/dags
[2024-01-27T21:18:18.612+0000] {manager.py:755} INFO - Searching for files in /opt/airflow/dags
[2024-01-27T21:18:18.617+0000] {manager.py:758} INFO - There are 0 files in /opt/airflow/dags
[2024-01-27T21:23:18.923+0000] {manager.py:755} INFO - Searching for files in /opt/airflow/dags
[2024-01-27T21:23:18.929+0000] {manager.py:758} INFO - There are 0 files in /opt/airflow/dags
[2024-01-27T21:28:19.370+0000] {manager.py:755} INFO - Searching for files in /opt/airflow/dags
[2024-01-27T21:28:19.373+0000] {manager.py:758} INFO - There are 0 files in /opt/airflow/dags
[2024-01-27T21:33:20.021+0000] {manager.py:755} INFO - Searching for files in /opt/airflow/dags
[2024-01-27T21:33:20.036+0000] {manager.py:758} INFO - There are 0 files in /opt/airflow/dags
[2024-01-27T21:38:20.481+0000] {manager.py:755} INFO - Searching for files in /opt/airflow/dags
[2024-01-27T21:38:20.482+0000] {manager.py:758} INFO - There are 0 files in /opt/airflow/dags
[2024-01-27T21:43:20.857+0000] {manager.py:755} INFO - Searching for files in /opt/airflow/dags
[2024-01-27T21:43:20.860+0000] {manager.py:758} INFO - There are 0 files in /opt/airflow/dags
[2024-01-27T21:48:21.237+0000] {manager.py:755} INFO - Searching for files in /opt/airflow/dags
[2024-01-27T21:48:21.238+0000] {manager.py:758} INFO - There are 0 files in /opt/airflow/dags
[2024-01-27T21:53:21.862+0000] {manager.py:755} INFO - Searching for files in /opt/airflow/dags
[2024-01-27T21:53:21.869+0000] {manager.py:758} INFO - There are 0 files in /opt/airflow/dags
[2024-01-27T21:58:22.318+0000] {manager.py:755} INFO - Searching for files in /opt/airflow/dags
[2024-01-27T21:58:22.323+0000] {manager.py:758} INFO - There are 0 files in /opt/airflow/dags
[2024-01-27T22:03:22.927+0000] {manager.py:755} INFO - Searching for files in /opt/airflow/dags
[2024-01-27T22:03:22.931+0000] {manager.py:758} INFO - There are 0 files in /opt/airflow/dags
[2024-01-27T22:08:23.410+0000] {manager.py:755} INFO - Searching for files in /opt/airflow/dags
[2024-01-27T22:08:23.416+0000] {manager.py:758} INFO - There are 0 files in /opt/airflow/dags
[2024-01-27T22:13:24.118+0000] {manager.py:755} INFO - Searching for files in /opt/airflow/dags
[2024-01-27T22:13:24.121+0000] {manager.py:758} INFO - There are 0 files in /opt/airflow/dags
[2024-01-27T22:18:24.663+0000] {manager.py:755} INFO - Searching for files in /opt/airflow/dags
[2024-01-27T22:18:24.667+0000] {manager.py:758} INFO - There are 0 files in /opt/airflow/dags
[2024-01-27T22:23:25.198+0000] {manager.py:755} INFO - Searching for files in /opt/airflow/dags
[2024-01-27T22:23:25.205+0000] {manager.py:758} INFO - There are 0 files in /opt/airflow/dags
[2024-01-27T22:28:25.609+0000] {manager.py:755} INFO - Searching for files in /opt/airflow/dags
[2024-01-27T22:28:25.616+0000] {manager.py:758} INFO - There are 0 files in /opt/airflow/dags
[2024-01-27T22:33:26.134+0000] {manager.py:755} INFO - Searching for files in /opt/airflow/dags
[2024-01-27T22:33:26.138+0000] {manager.py:758} INFO - There are 0 files in /opt/airflow/dags
[2024-01-27T22:38:26.684+0000] {manager.py:755} INFO - Searching for files in /opt/airflow/dags
[2024-01-27T22:38:26.689+0000] {manager.py:758} INFO - There are 0 files in /opt/airflow/dags
[2024-01-27T22:43:27.295+0000] {manager.py:755} INFO - Searching for files in /opt/airflow/dags
[2024-01-27T22:43:27.301+0000] {manager.py:758} INFO - There are 0 files in /opt/airflow/dags
[2024-01-27T22:48:27.612+0000] {manager.py:755} INFO - Searching for files in /opt/airflow/dags
[2024-01-27T22:48:27.618+0000] {manager.py:758} INFO - There are 0 files in /opt/airflow/dags
[2024-01-27T22:53:28.012+0000] {manager.py:755} INFO - Searching for files in /opt/airflow/dags
[2024-01-27T22:53:28.014+0000] {manager.py:758} INFO - There are 0 files in /opt/airflow/dags
[2024-01-27T22:58:28.416+0000] {manager.py:755} INFO - Searching for files in /opt/airflow/dags
[2024-01-27T22:58:28.424+0000] {manager.py:758} INFO - There are 0 files in /opt/airflow/dags
[2024-01-27T23:03:29.165+0000] {manager.py:755} INFO - Searching for files in /opt/airflow/dags
[2024-01-27T23:03:29.172+0000] {manager.py:758} INFO - There are 0 files in /opt/airflow/dags
[2024-01-27T23:08:29.678+0000] {manager.py:755} INFO - Searching for files in /opt/airflow/dags
[2024-01-27T23:08:29.684+0000] {manager.py:758} INFO - There are 0 files in /opt/airflow/dags
[2024-01-27T23:13:30.339+0000] {manager.py:755} INFO - Searching for files in /opt/airflow/dags
[2024-01-27T23:13:30.344+0000] {manager.py:758} INFO - There are 0 files in /opt/airflow/dags
[2024-01-27T23:18:30.976+0000] {manager.py:755} INFO - Searching for files in /opt/airflow/dags
[2024-01-27T23:18:30.983+0000] {manager.py:758} INFO - There are 0 files in /opt/airflow/dags
[2024-01-27T23:23:31.492+0000] {manager.py:755} INFO - Searching for files in /opt/airflow/dags
[2024-01-27T23:23:31.497+0000] {manager.py:758} INFO - There are 0 files in /opt/airflow/dags
[2024-01-27T23:28:32.164+0000] {manager.py:755} INFO - Searching for files in /opt/airflow/dags
[2024-01-27T23:28:32.166+0000] {manager.py:758} INFO - There are 0 files in /opt/airflow/dags
[2024-01-27T23:33:32.576+0000] {manager.py:755} INFO - Searching for files in /opt/airflow/dags
[2024-01-27T23:33:32.580+0000] {manager.py:758} INFO - There are 1 files in /opt/airflow/dags
[2024-01-27T23:33:38.696+0000] {manager.py:887} INFO - 
================================================================================
DAG File Processing Stats

File Path                                   PID    Runtime      # DAGs    # Errors  Last Runtime    Last Run
------------------------------------------  -----  ---------  --------  ----------  --------------  -------------------
/opt/airflow/dags/load_student_json_dag.py                           0           1  0.04s           2024-01-27T23:33:32
================================================================================
[2024-01-27T23:34:09.018+0000] {manager.py:887} INFO - 
================================================================================
DAG File Processing Stats

File Path                                   PID    Runtime      # DAGs    # Errors  Last Runtime    Last Run
------------------------------------------  -----  ---------  --------  ----------  --------------  -------------------
/opt/airflow/dags/load_student_json_dag.py                           0           1  0.06s           2024-01-27T23:34:02
================================================================================
[2024-01-27T23:34:39.336+0000] {manager.py:887} INFO - 
================================================================================
DAG File Processing Stats

File Path                                   PID    Runtime      # DAGs    # Errors  Last Runtime    Last Run
------------------------------------------  -----  ---------  --------  ----------  --------------  -------------------
/opt/airflow/dags/load_student_json_dag.py                           0           1  0.05s           2024-01-27T23:34:33
================================================================================
[2024-01-27T23:35:09.681+0000] {manager.py:887} INFO - 
================================================================================
DAG File Processing Stats

File Path                                   PID    Runtime      # DAGs    # Errors  Last Runtime    Last Run
------------------------------------------  -----  ---------  --------  ----------  --------------  -------------------
/opt/airflow/dags/load_student_json_dag.py                           0           1  0.07s           2024-01-27T23:35:03
================================================================================
[2024-01-27T23:35:39.990+0000] {manager.py:887} INFO - 
================================================================================
DAG File Processing Stats

File Path                                   PID    Runtime      # DAGs    # Errors  Last Runtime    Last Run
------------------------------------------  -----  ---------  --------  ----------  --------------  -------------------
/opt/airflow/dags/load_student_json_dag.py                           0           1  0.06s           2024-01-27T23:35:33
================================================================================
[2024-01-27T23:36:10.264+0000] {manager.py:887} INFO - 
================================================================================
DAG File Processing Stats

File Path                                   PID    Runtime      # DAGs    # Errors  Last Runtime    Last Run
------------------------------------------  -----  ---------  --------  ----------  --------------  -------------------
/opt/airflow/dags/load_student_json_dag.py                           0           1  0.06s           2024-01-27T23:36:04
================================================================================
[2024-01-27T23:36:40.580+0000] {manager.py:887} INFO - 
================================================================================
DAG File Processing Stats

File Path                                   PID    Runtime      # DAGs    # Errors  Last Runtime    Last Run
------------------------------------------  -----  ---------  --------  ----------  --------------  -------------------
/opt/airflow/dags/load_student_json_dag.py                           0           1  0.06s           2024-01-27T23:36:34
================================================================================
[2024-01-27T23:37:10.922+0000] {manager.py:887} INFO - 
================================================================================
DAG File Processing Stats

File Path                                   PID    Runtime      # DAGs    # Errors  Last Runtime    Last Run
------------------------------------------  -----  ---------  --------  ----------  --------------  -------------------
/opt/airflow/dags/load_student_json_dag.py                           0           1  0.06s           2024-01-27T23:37:04
================================================================================
[2024-01-27T23:37:41.217+0000] {manager.py:887} INFO - 
================================================================================
DAG File Processing Stats

File Path                                   PID    Runtime      # DAGs    # Errors  Last Runtime    Last Run
------------------------------------------  -----  ---------  --------  ----------  --------------  -------------------
/opt/airflow/dags/load_student_json_dag.py                           0           1  0.04s           2024-01-27T23:37:35
================================================================================
[2024-01-27T23:38:11.505+0000] {manager.py:887} INFO - 
================================================================================
DAG File Processing Stats

File Path                                   PID    Runtime      # DAGs    # Errors  Last Runtime    Last Run
------------------------------------------  -----  ---------  --------  ----------  --------------  -------------------
/opt/airflow/dags/load_student_json_dag.py                           0           1  0.05s           2024-01-27T23:38:05
================================================================================
[2024-01-27T23:38:32.698+0000] {manager.py:755} INFO - Searching for files in /opt/airflow/dags
[2024-01-27T23:38:32.706+0000] {manager.py:758} INFO - There are 1 files in /opt/airflow/dags
[2024-01-27T23:38:41.829+0000] {manager.py:887} INFO - 
================================================================================
DAG File Processing Stats

File Path                                   PID    Runtime      # DAGs    # Errors  Last Runtime    Last Run
------------------------------------------  -----  ---------  --------  ----------  --------------  -------------------
/opt/airflow/dags/load_student_json_dag.py                           0           1  0.06s           2024-01-27T23:38:35
================================================================================
[2024-01-27T23:39:12.095+0000] {manager.py:887} INFO - 
================================================================================
DAG File Processing Stats

File Path                                   PID    Runtime      # DAGs    # Errors  Last Runtime    Last Run
------------------------------------------  -----  ---------  --------  ----------  --------------  -------------------
/opt/airflow/dags/load_student_json_dag.py                           0           1  0.03s           2024-01-27T23:39:06
================================================================================
[2024-01-27T23:39:42.378+0000] {manager.py:887} INFO - 
================================================================================
DAG File Processing Stats

File Path                                   PID    Runtime      # DAGs    # Errors  Last Runtime    Last Run
------------------------------------------  -----  ---------  --------  ----------  --------------  -------------------
/opt/airflow/dags/load_student_json_dag.py                           0           1  0.03s           2024-01-27T23:39:36
================================================================================
[2024-01-27T23:40:12.710+0000] {manager.py:887} INFO - 
================================================================================
DAG File Processing Stats

File Path                                   PID    Runtime      # DAGs    # Errors  Last Runtime    Last Run
------------------------------------------  -----  ---------  --------  ----------  --------------  -------------------
/opt/airflow/dags/load_student_json_dag.py                           0           1  0.06s           2024-01-27T23:40:06
================================================================================
[2024-01-27T23:40:43.004+0000] {manager.py:887} INFO - 
================================================================================
DAG File Processing Stats

File Path                                   PID    Runtime      # DAGs    # Errors  Last Runtime    Last Run
------------------------------------------  -----  ---------  --------  ----------  --------------  -------------------
/opt/airflow/dags/load_student_json_dag.py                           0           1  0.05s           2024-01-27T23:40:36
================================================================================
[2024-01-27T23:41:13.279+0000] {manager.py:887} INFO - 
================================================================================
DAG File Processing Stats

File Path                                   PID    Runtime      # DAGs    # Errors  Last Runtime    Last Run
------------------------------------------  -----  ---------  --------  ----------  --------------  -------------------
/opt/airflow/dags/load_student_json_dag.py                           0           1  0.06s           2024-01-27T23:41:07
================================================================================
[2024-01-27T23:41:43.550+0000] {manager.py:887} INFO - 
================================================================================
DAG File Processing Stats

File Path                                   PID    Runtime      # DAGs    # Errors  Last Runtime    Last Run
------------------------------------------  -----  ---------  --------  ----------  --------------  -------------------
/opt/airflow/dags/load_student_json_dag.py                           0           1  0.07s           2024-01-27T23:41:37
================================================================================
[2024-01-27T23:42:13.819+0000] {manager.py:887} INFO - 
================================================================================
DAG File Processing Stats

File Path                                   PID    Runtime      # DAGs    # Errors  Last Runtime    Last Run
------------------------------------------  -----  ---------  --------  ----------  --------------  -------------------
/opt/airflow/dags/load_student_json_dag.py                           0           1  0.05s           2024-01-27T23:42:07
================================================================================
[2024-01-27T23:42:44.067+0000] {manager.py:887} INFO - 
================================================================================
DAG File Processing Stats

File Path                                   PID    Runtime      # DAGs    # Errors  Last Runtime    Last Run
------------------------------------------  -----  ---------  --------  ----------  --------------  -------------------
/opt/airflow/dags/load_student_json_dag.py                           0           1  0.06s           2024-01-27T23:42:38
================================================================================
[2024-01-27T23:43:14.357+0000] {manager.py:887} INFO - 
================================================================================
DAG File Processing Stats

File Path                                   PID    Runtime      # DAGs    # Errors  Last Runtime    Last Run
------------------------------------------  -----  ---------  --------  ----------  --------------  -------------------
/opt/airflow/dags/load_student_json_dag.py                           0           1  0.06s           2024-01-27T23:43:08
================================================================================
[2024-01-27T23:43:33.542+0000] {manager.py:755} INFO - Searching for files in /opt/airflow/dags
[2024-01-27T23:43:33.549+0000] {manager.py:758} INFO - There are 1 files in /opt/airflow/dags
[2024-01-27T23:43:44.693+0000] {manager.py:887} INFO - 
================================================================================
DAG File Processing Stats

File Path                                   PID    Runtime      # DAGs    # Errors  Last Runtime    Last Run
------------------------------------------  -----  ---------  --------  ----------  --------------  -------------------
/opt/airflow/dags/load_student_json_dag.py                           0           1  0.06s           2024-01-27T23:43:38
================================================================================
[2024-01-27T23:44:15.017+0000] {manager.py:887} INFO - 
================================================================================
DAG File Processing Stats

File Path                                   PID    Runtime      # DAGs    # Errors  Last Runtime    Last Run
------------------------------------------  -----  ---------  --------  ----------  --------------  -------------------
/opt/airflow/dags/load_student_json_dag.py                           0           1  0.06s           2024-01-27T23:44:08
================================================================================
[2024-01-27T23:44:45.341+0000] {manager.py:887} INFO - 
================================================================================
DAG File Processing Stats

File Path                                   PID    Runtime      # DAGs    # Errors  Last Runtime    Last Run
------------------------------------------  -----  ---------  --------  ----------  --------------  -------------------
/opt/airflow/dags/load_student_json_dag.py                           0           1  0.07s           2024-01-27T23:44:39
================================================================================
[2024-01-27T23:45:15.670+0000] {manager.py:887} INFO - 
================================================================================
DAG File Processing Stats

File Path                                   PID    Runtime      # DAGs    # Errors  Last Runtime    Last Run
------------------------------------------  -----  ---------  --------  ----------  --------------  -------------------
/opt/airflow/dags/load_student_json_dag.py                           0           1  0.06s           2024-01-27T23:45:09
================================================================================
[2024-01-27T23:45:45.974+0000] {manager.py:887} INFO - 
================================================================================
DAG File Processing Stats

File Path                                   PID    Runtime      # DAGs    # Errors  Last Runtime    Last Run
------------------------------------------  -----  ---------  --------  ----------  --------------  -------------------
/opt/airflow/dags/load_student_json_dag.py                           0           1  0.04s           2024-01-27T23:45:39
================================================================================
[2024-01-27T23:46:16.242+0000] {manager.py:887} INFO - 
================================================================================
DAG File Processing Stats

File Path                                   PID    Runtime      # DAGs    # Errors  Last Runtime    Last Run
------------------------------------------  -----  ---------  --------  ----------  --------------  -------------------
/opt/airflow/dags/load_student_json_dag.py                           0           1  0.05s           2024-01-27T23:46:10
================================================================================
[2024-01-27T23:46:46.551+0000] {manager.py:887} INFO - 
================================================================================
DAG File Processing Stats

File Path                                   PID    Runtime      # DAGs    # Errors  Last Runtime    Last Run
------------------------------------------  -----  ---------  --------  ----------  --------------  -------------------
/opt/airflow/dags/load_student_json_dag.py                           0           1  0.06s           2024-01-27T23:46:40
================================================================================
[2024-01-27T23:47:16.850+0000] {manager.py:887} INFO - 
================================================================================
DAG File Processing Stats

File Path                                   PID    Runtime      # DAGs    # Errors  Last Runtime    Last Run
------------------------------------------  -----  ---------  --------  ----------  --------------  -------------------
/opt/airflow/dags/load_student_json_dag.py                           0           1  0.03s           2024-01-27T23:47:10
================================================================================
[2024-01-27T23:47:47.166+0000] {manager.py:887} INFO - 
================================================================================
DAG File Processing Stats

File Path                                   PID    Runtime      # DAGs    # Errors  Last Runtime    Last Run
------------------------------------------  -----  ---------  --------  ----------  --------------  -------------------
/opt/airflow/dags/load_student_json_dag.py                           0           1  0.06s           2024-01-27T23:47:41
================================================================================
[2024-01-27T23:48:17.516+0000] {manager.py:887} INFO - 
================================================================================
DAG File Processing Stats

File Path                                   PID    Runtime      # DAGs    # Errors  Last Runtime    Last Run
------------------------------------------  -----  ---------  --------  ----------  --------------  -------------------
/opt/airflow/dags/load_student_json_dag.py                           0           1  0.06s           2024-01-27T23:48:11
================================================================================
[2024-01-27T23:48:33.676+0000] {manager.py:755} INFO - Searching for files in /opt/airflow/dags
[2024-01-27T23:48:33.683+0000] {manager.py:758} INFO - There are 1 files in /opt/airflow/dags
[2024-01-27T23:48:47.876+0000] {manager.py:887} INFO - 
================================================================================
DAG File Processing Stats

File Path                                   PID    Runtime      # DAGs    # Errors  Last Runtime    Last Run
------------------------------------------  -----  ---------  --------  ----------  --------------  -------------------
/opt/airflow/dags/load_student_json_dag.py                           0           1  0.06s           2024-01-27T23:48:41
================================================================================
[2024-01-27T23:49:18.139+0000] {manager.py:887} INFO - 
================================================================================
DAG File Processing Stats

File Path                                   PID    Runtime      # DAGs    # Errors  Last Runtime    Last Run
------------------------------------------  -----  ---------  --------  ----------  --------------  -------------------
/opt/airflow/dags/load_student_json_dag.py                           0           1  0.03s           2024-01-27T23:49:12
================================================================================
[2024-01-27T23:49:48.432+0000] {manager.py:887} INFO - 
================================================================================
DAG File Processing Stats

File Path                                   PID    Runtime      # DAGs    # Errors  Last Runtime    Last Run
------------------------------------------  -----  ---------  --------  ----------  --------------  -------------------
/opt/airflow/dags/load_student_json_dag.py                           0           1  0.06s           2024-01-27T23:49:42
================================================================================
[2024-01-27T23:50:18.764+0000] {manager.py:887} INFO - 
================================================================================
DAG File Processing Stats

File Path                                   PID    Runtime      # DAGs    # Errors  Last Runtime    Last Run
------------------------------------------  -----  ---------  --------  ----------  --------------  -------------------
/opt/airflow/dags/load_student_json_dag.py                           0           1  0.06s           2024-01-27T23:50:12
================================================================================
[2024-01-27T23:50:49.127+0000] {manager.py:887} INFO - 
================================================================================
DAG File Processing Stats

File Path                                   PID    Runtime      # DAGs    # Errors  Last Runtime    Last Run
------------------------------------------  -----  ---------  --------  ----------  --------------  -------------------
/opt/airflow/dags/load_student_json_dag.py                           0           1  0.06s           2024-01-27T23:50:43
================================================================================
[2024-01-27T23:51:19.539+0000] {manager.py:887} INFO - 
================================================================================
DAG File Processing Stats

File Path                                   PID    Runtime      # DAGs    # Errors  Last Runtime    Last Run
------------------------------------------  -----  ---------  --------  ----------  --------------  -------------------
/opt/airflow/dags/load_student_json_dag.py                           0           1  0.06s           2024-01-27T23:51:13
================================================================================
[2024-01-27T23:51:49.887+0000] {manager.py:887} INFO - 
================================================================================
DAG File Processing Stats

File Path                                   PID    Runtime      # DAGs    # Errors  Last Runtime    Last Run
------------------------------------------  -----  ---------  --------  ----------  --------------  -------------------
/opt/airflow/dags/load_student_json_dag.py                           0           1  0.06s           2024-01-27T23:51:43
================================================================================
[2024-01-27T23:52:20.222+0000] {manager.py:887} INFO - 
================================================================================
DAG File Processing Stats

File Path                                   PID    Runtime      # DAGs    # Errors  Last Runtime    Last Run
------------------------------------------  -----  ---------  --------  ----------  --------------  -------------------
/opt/airflow/dags/load_student_json_dag.py                           0           1  0.06s           2024-01-27T23:52:14
================================================================================
[2024-01-27T23:52:50.596+0000] {manager.py:887} INFO - 
================================================================================
DAG File Processing Stats

File Path                                   PID    Runtime      # DAGs    # Errors  Last Runtime    Last Run
------------------------------------------  -----  ---------  --------  ----------  --------------  -------------------
/opt/airflow/dags/load_student_json_dag.py                           0           1  0.06s           2024-01-27T23:52:44
================================================================================
[2024-01-27T23:59:33.778+0000] {manager.py:755} INFO - Searching for files in /opt/airflow/dags
[2024-01-27T23:59:33.781+0000] {manager.py:758} INFO - There are 1 files in /opt/airflow/dags
[2024-01-27T23:59:39.831+0000] {manager.py:887} INFO - 
================================================================================
DAG File Processing Stats

File Path                                   PID    Runtime      # DAGs    # Errors  Last Runtime    Last Run
------------------------------------------  -----  ---------  --------  ----------  --------------  -------------------
/opt/airflow/dags/load_student_json_dag.py                           0           1  0.03s           2024-01-27T23:59:33
================================================================================
[2024-01-28T00:00:10.121+0000] {manager.py:887} INFO - 
================================================================================
DAG File Processing Stats

File Path                                   PID    Runtime      # DAGs    # Errors  Last Runtime    Last Run
------------------------------------------  -----  ---------  --------  ----------  --------------  -------------------
/opt/airflow/dags/load_student_json_dag.py                           0           1  0.06s           2024-01-28T00:00:04
================================================================================
[2024-01-28T00:00:40.427+0000] {manager.py:887} INFO - 
================================================================================
DAG File Processing Stats

File Path                                   PID    Runtime      # DAGs    # Errors  Last Runtime    Last Run
------------------------------------------  -----  ---------  --------  ----------  --------------  -------------------
/opt/airflow/dags/load_student_json_dag.py                           0           1  0.06s           2024-01-28T00:00:34
================================================================================
[2024-01-28T00:01:10.718+0000] {manager.py:887} INFO - 
================================================================================
DAG File Processing Stats

File Path                                   PID    Runtime      # DAGs    # Errors  Last Runtime    Last Run
------------------------------------------  -----  ---------  --------  ----------  --------------  -------------------
/opt/airflow/dags/load_student_json_dag.py                           0           1  0.05s           2024-01-28T00:01:04
================================================================================
[2024-01-28T00:01:41.006+0000] {manager.py:887} INFO - 
================================================================================
DAG File Processing Stats

File Path                                   PID    Runtime      # DAGs    # Errors  Last Runtime    Last Run
------------------------------------------  -----  ---------  --------  ----------  --------------  -------------------
/opt/airflow/dags/load_student_json_dag.py                           0           1  0.05s           2024-01-28T00:01:34
================================================================================
[2024-01-28T00:02:11.293+0000] {manager.py:887} INFO - 
================================================================================
DAG File Processing Stats

File Path                                   PID    Runtime      # DAGs    # Errors  Last Runtime    Last Run
------------------------------------------  -----  ---------  --------  ----------  --------------  -------------------
/opt/airflow/dags/load_student_json_dag.py                           0           1  0.05s           2024-01-28T00:02:05
================================================================================
[2024-01-28T00:02:41.815+0000] {manager.py:887} INFO - 
================================================================================
DAG File Processing Stats

File Path                                   PID    Runtime      # DAGs    # Errors  Last Runtime    Last Run
------------------------------------------  -----  ---------  --------  ----------  --------------  -------------------
/opt/airflow/dags/load_student_json_dag.py                           0           1  0.06s           2024-01-28T00:02:38
================================================================================
[2024-01-28T00:03:12.094+0000] {manager.py:887} INFO - 
================================================================================
DAG File Processing Stats

File Path                                   PID    Runtime      # DAGs    # Errors  Last Runtime    Last Run
------------------------------------------  -----  ---------  --------  ----------  --------------  -------------------
/opt/airflow/dags/load_student_json_dag.py                           0           1  0.06s           2024-01-28T00:03:09
================================================================================
[2024-01-28T00:03:42.402+0000] {manager.py:887} INFO - 
================================================================================
DAG File Processing Stats

File Path                                   PID    Runtime      # DAGs    # Errors  Last Runtime    Last Run
------------------------------------------  -----  ---------  --------  ----------  --------------  -------------------
/opt/airflow/dags/load_student_json_dag.py                           0           1  0.03s           2024-01-28T00:03:39
================================================================================
[2024-01-28T00:04:12.681+0000] {manager.py:887} INFO - 
================================================================================
DAG File Processing Stats

File Path                                   PID    Runtime      # DAGs    # Errors  Last Runtime    Last Run
------------------------------------------  -----  ---------  --------  ----------  --------------  -------------------
/opt/airflow/dags/load_student_json_dag.py                           0           1  0.06s           2024-01-28T00:04:09
================================================================================
[2024-01-28T00:04:33.862+0000] {manager.py:755} INFO - Searching for files in /opt/airflow/dags
[2024-01-28T00:04:33.864+0000] {manager.py:758} INFO - There are 1 files in /opt/airflow/dags
[2024-01-28T00:04:42.982+0000] {manager.py:887} INFO - 
================================================================================
DAG File Processing Stats

File Path                                   PID    Runtime      # DAGs    # Errors  Last Runtime    Last Run
------------------------------------------  -----  ---------  --------  ----------  --------------  -------------------
/opt/airflow/dags/load_student_json_dag.py                           0           1  0.06s           2024-01-28T00:04:39
================================================================================
[2024-01-28T00:05:13.262+0000] {manager.py:887} INFO - 
================================================================================
DAG File Processing Stats

File Path                                   PID    Runtime      # DAGs    # Errors  Last Runtime    Last Run
------------------------------------------  -----  ---------  --------  ----------  --------------  -------------------
/opt/airflow/dags/load_student_json_dag.py                           0           1  0.07s           2024-01-28T00:05:10
================================================================================
[2024-01-28T00:05:43.526+0000] {manager.py:887} INFO - 
================================================================================
DAG File Processing Stats

File Path                                   PID    Runtime      # DAGs    # Errors  Last Runtime    Last Run
------------------------------------------  -----  ---------  --------  ----------  --------------  -------------------
/opt/airflow/dags/load_student_json_dag.py                           0           1  0.03s           2024-01-28T00:05:40
================================================================================
[2024-01-28T00:06:13.798+0000] {manager.py:887} INFO - 
================================================================================
DAG File Processing Stats

File Path                                   PID    Runtime      # DAGs    # Errors  Last Runtime    Last Run
------------------------------------------  -----  ---------  --------  ----------  --------------  -------------------
/opt/airflow/dags/load_student_json_dag.py                           0           1  0.04s           2024-01-28T00:06:10
================================================================================
[2024-01-28T00:06:44.056+0000] {manager.py:887} INFO - 
================================================================================
DAG File Processing Stats

File Path                                   PID    Runtime      # DAGs    # Errors  Last Runtime    Last Run
------------------------------------------  -----  ---------  --------  ----------  --------------  -------------------
/opt/airflow/dags/load_student_json_dag.py                           0           1  0.03s           2024-01-28T00:06:41
================================================================================
[2024-01-28T00:07:14.335+0000] {manager.py:887} INFO - 
================================================================================
DAG File Processing Stats

File Path                                   PID    Runtime      # DAGs    # Errors  Last Runtime    Last Run
------------------------------------------  -----  ---------  --------  ----------  --------------  -------------------
/opt/airflow/dags/load_student_json_dag.py                           0           1  0.06s           2024-01-28T00:07:11
================================================================================
[2024-01-28T00:07:44.565+0000] {manager.py:887} INFO - 
================================================================================
DAG File Processing Stats

File Path                                   PID    Runtime      # DAGs    # Errors  Last Runtime    Last Run
------------------------------------------  -----  ---------  --------  ----------  --------------  -------------------
/opt/airflow/dags/load_student_json_dag.py                           0           0  0.57s           2024-01-28T00:07:36
================================================================================
[2024-01-28T00:08:14.650+0000] {manager.py:887} INFO - 
================================================================================
DAG File Processing Stats

File Path                                   PID    Runtime      # DAGs    # Errors  Last Runtime    Last Run
------------------------------------------  -----  ---------  --------  ----------  --------------  -------------------
/opt/airflow/dags/load_student_json_dag.py                           0           0  0.32s           2024-01-28T00:08:06
================================================================================
[2024-01-28T00:08:44.711+0000] {manager.py:887} INFO - 
================================================================================
DAG File Processing Stats

File Path                                   PID    Runtime      # DAGs    # Errors  Last Runtime    Last Run
------------------------------------------  -----  ---------  --------  ----------  --------------  -------------------
/opt/airflow/dags/load_student_json_dag.py                           0           0  0.25s           2024-01-28T00:08:29
================================================================================
[2024-01-28T00:09:15.215+0000] {manager.py:887} INFO - 
================================================================================
DAG File Processing Stats

File Path                                   PID    Runtime      # DAGs    # Errors  Last Runtime    Last Run
------------------------------------------  -----  ---------  --------  ----------  --------------  -------------------
/opt/airflow/dags/load_student_json_dag.py                           0           0  0.24s           2024-01-28T00:09:00
================================================================================
[2024-01-28T00:09:34.425+0000] {manager.py:755} INFO - Searching for files in /opt/airflow/dags
[2024-01-28T00:09:34.432+0000] {manager.py:758} INFO - There are 1 files in /opt/airflow/dags
[2024-01-28T00:09:45.551+0000] {manager.py:887} INFO - 
================================================================================
DAG File Processing Stats

File Path                                   PID    Runtime      # DAGs    # Errors  Last Runtime    Last Run
------------------------------------------  -----  ---------  --------  ----------  --------------  -------------------
/opt/airflow/dags/load_student_json_dag.py                           0           0  0.25s           2024-01-28T00:09:30
================================================================================
[2024-01-28T00:10:15.928+0000] {manager.py:887} INFO - 
================================================================================
DAG File Processing Stats

File Path                                   PID    Runtime      # DAGs    # Errors  Last Runtime    Last Run
------------------------------------------  -----  ---------  --------  ----------  --------------  -------------------
/opt/airflow/dags/load_student_json_dag.py                           0           0  0.26s           2024-01-28T00:10:00
================================================================================
[2024-01-28T00:10:46.354+0000] {manager.py:887} INFO - 
================================================================================
DAG File Processing Stats

File Path                                   PID    Runtime      # DAGs    # Errors  Last Runtime    Last Run
------------------------------------------  -----  ---------  --------  ----------  --------------  -------------------
/opt/airflow/dags/load_student_json_dag.py                           0           0  0.24s           2024-01-28T00:10:31
================================================================================
[2024-01-28T00:11:16.624+0000] {manager.py:887} INFO - 
================================================================================
DAG File Processing Stats

File Path                                   PID    Runtime      # DAGs    # Errors  Last Runtime    Last Run
------------------------------------------  -----  ---------  --------  ----------  --------------  -------------------
/opt/airflow/dags/load_student_json_dag.py                           0           0  0.27s           2024-01-28T00:11:01
================================================================================
[2024-01-28T00:11:47.199+0000] {manager.py:887} INFO - 
================================================================================
DAG File Processing Stats

File Path                                   PID    Runtime      # DAGs    # Errors  Last Runtime    Last Run
------------------------------------------  -----  ---------  --------  ----------  --------------  -------------------
/opt/airflow/dags/load_student_json_dag.py                           0           0  0.26s           2024-01-28T00:11:32
================================================================================
[2024-01-28T00:12:02.179+0000] {manager.py:469} INFO - Exiting gracefully upon receiving signal 15
[2024-01-28T00:12:38.320+0000] {manager.py:487} INFO - Processing files using up to 2 processes at a time 
[2024-01-28T00:12:38.320+0000] {manager.py:488} INFO - Process each file at most once every 30 seconds
[2024-01-28T00:12:38.321+0000] {manager.py:489} INFO - Checking for new files in /opt/airflow/dags every 300 seconds
[2024-01-28T00:12:38.321+0000] {manager.py:755} INFO - Searching for files in /opt/airflow/dags
[2024-01-28T00:12:38.371+0000] {manager.py:758} INFO - There are 1 files in /opt/airflow/dags
[2024-01-28T00:12:38.435+0000] {manager.py:887} INFO - 
================================================================================
DAG File Processing Stats

File Path                                     PID  Runtime      # DAGs    # Errors  Last Runtime    Last Run
------------------------------------------  -----  ---------  --------  ----------  --------------  ----------
/opt/airflow/dags/load_student_json_dag.py    165  0.02s             0           0
================================================================================
[2024-01-28T00:13:08.542+0000] {manager.py:887} INFO - 
================================================================================
DAG File Processing Stats

File Path                                   PID    Runtime      # DAGs    # Errors  Last Runtime    Last Run
------------------------------------------  -----  ---------  --------  ----------  --------------  -------------------
/opt/airflow/dags/load_student_json_dag.py                           0           0  0.64s           2024-01-28T00:12:39
================================================================================
[2024-01-28T00:13:38.639+0000] {manager.py:887} INFO - 
================================================================================
DAG File Processing Stats

File Path                                   PID    Runtime      # DAGs    # Errors  Last Runtime    Last Run
------------------------------------------  -----  ---------  --------  ----------  --------------  -------------------
/opt/airflow/dags/load_student_json_dag.py                           0           0  0.25s           2024-01-28T00:13:09
================================================================================
[2024-01-28T00:14:08.897+0000] {manager.py:887} INFO - 
================================================================================
DAG File Processing Stats

File Path                                   PID    Runtime      # DAGs    # Errors  Last Runtime    Last Run
------------------------------------------  -----  ---------  --------  ----------  --------------  -------------------
/opt/airflow/dags/load_student_json_dag.py                           0           0  0.25s           2024-01-28T00:13:39
================================================================================
[2024-01-28T00:14:39.288+0000] {manager.py:887} INFO - 
================================================================================
DAG File Processing Stats

File Path                                   PID    Runtime      # DAGs    # Errors  Last Runtime    Last Run
------------------------------------------  -----  ---------  --------  ----------  --------------  -------------------
/opt/airflow/dags/load_student_json_dag.py                           0           0  0.26s           2024-01-28T00:14:10
================================================================================
[2024-01-28T00:15:09.526+0000] {manager.py:887} INFO - 
================================================================================
DAG File Processing Stats

File Path                                   PID    Runtime      # DAGs    # Errors  Last Runtime    Last Run
------------------------------------------  -----  ---------  --------  ----------  --------------  -------------------
/opt/airflow/dags/load_student_json_dag.py                           0           0  0.24s           2024-01-28T00:14:40
================================================================================
[2024-01-28T00:15:40.059+0000] {manager.py:887} INFO - 
================================================================================
DAG File Processing Stats

File Path                                   PID    Runtime      # DAGs    # Errors  Last Runtime    Last Run
------------------------------------------  -----  ---------  --------  ----------  --------------  -------------------
/opt/airflow/dags/load_student_json_dag.py                           0           0  0.25s           2024-01-28T00:15:11
================================================================================
[2024-01-28T00:16:10.474+0000] {manager.py:887} INFO - 
================================================================================
DAG File Processing Stats

File Path                                   PID    Runtime      # DAGs    # Errors  Last Runtime    Last Run
------------------------------------------  -----  ---------  --------  ----------  --------------  -------------------
/opt/airflow/dags/load_student_json_dag.py                           0           0  0.25s           2024-01-28T00:15:41
================================================================================
[2024-01-28T00:16:40.809+0000] {manager.py:887} INFO - 
================================================================================
DAG File Processing Stats

File Path                                   PID    Runtime      # DAGs    # Errors  Last Runtime    Last Run
------------------------------------------  -----  ---------  --------  ----------  --------------  -------------------
/opt/airflow/dags/load_student_json_dag.py                           0           0  0.26s           2024-01-28T00:16:11
================================================================================
[2024-01-28T00:17:11.212+0000] {manager.py:887} INFO - 
================================================================================
DAG File Processing Stats

File Path                                   PID    Runtime      # DAGs    # Errors  Last Runtime    Last Run
------------------------------------------  -----  ---------  --------  ----------  --------------  -------------------
/opt/airflow/dags/load_student_json_dag.py                           0           0  0.24s           2024-01-28T00:16:42
================================================================================
[2024-01-28T00:17:38.555+0000] {manager.py:755} INFO - Searching for files in /opt/airflow/dags
[2024-01-28T00:17:38.562+0000] {manager.py:758} INFO - There are 1 files in /opt/airflow/dags
[2024-01-28T00:17:41.601+0000] {manager.py:887} INFO - 
================================================================================
DAG File Processing Stats

File Path                                   PID    Runtime      # DAGs    # Errors  Last Runtime    Last Run
------------------------------------------  -----  ---------  --------  ----------  --------------  -------------------
/opt/airflow/dags/load_student_json_dag.py                           0           0  0.25s           2024-01-28T00:17:12
================================================================================
[2024-01-28T00:18:12.027+0000] {manager.py:887} INFO - 
================================================================================
DAG File Processing Stats

File Path                                   PID    Runtime      # DAGs    # Errors  Last Runtime    Last Run
------------------------------------------  -----  ---------  --------  ----------  --------------  -------------------
/opt/airflow/dags/load_student_json_dag.py                           0           0  0.26s           2024-01-28T00:17:42
================================================================================
[2024-01-28T00:18:42.432+0000] {manager.py:887} INFO - 
================================================================================
DAG File Processing Stats

File Path                                   PID    Runtime      # DAGs    # Errors  Last Runtime    Last Run
------------------------------------------  -----  ---------  --------  ----------  --------------  -------------------
/opt/airflow/dags/load_student_json_dag.py                           0           0  0.35s           2024-01-28T00:18:13
================================================================================
[2024-01-28T00:19:12.785+0000] {manager.py:887} INFO - 
================================================================================
DAG File Processing Stats

File Path                                   PID    Runtime      # DAGs    # Errors  Last Runtime    Last Run
------------------------------------------  -----  ---------  --------  ----------  --------------  -------------------
/opt/airflow/dags/load_student_json_dag.py                           0           0  0.27s           2024-01-28T00:18:43
================================================================================
[2024-01-28T00:19:43.183+0000] {manager.py:887} INFO - 
================================================================================
DAG File Processing Stats

File Path                                   PID    Runtime      # DAGs    # Errors  Last Runtime    Last Run
------------------------------------------  -----  ---------  --------  ----------  --------------  -------------------
/opt/airflow/dags/load_student_json_dag.py                           0           0  0.25s           2024-01-28T00:19:14
================================================================================
[2024-01-28T00:20:13.593+0000] {manager.py:887} INFO - 
================================================================================
DAG File Processing Stats

File Path                                   PID    Runtime      # DAGs    # Errors  Last Runtime    Last Run
------------------------------------------  -----  ---------  --------  ----------  --------------  -------------------
/opt/airflow/dags/load_student_json_dag.py                           0           0  0.26s           2024-01-28T00:19:44
================================================================================
[2024-01-28T00:20:43.968+0000] {manager.py:887} INFO - 
================================================================================
DAG File Processing Stats

File Path                                   PID    Runtime      # DAGs    # Errors  Last Runtime    Last Run
------------------------------------------  -----  ---------  --------  ----------  --------------  -------------------
/opt/airflow/dags/load_student_json_dag.py                           0           0  0.23s           2024-01-28T00:20:14
================================================================================
[2024-01-28T00:21:14.301+0000] {manager.py:887} INFO - 
================================================================================
DAG File Processing Stats

File Path                                   PID    Runtime      # DAGs    # Errors  Last Runtime    Last Run
------------------------------------------  -----  ---------  --------  ----------  --------------  -------------------
/opt/airflow/dags/load_student_json_dag.py                           0           0  0.25s           2024-01-28T00:20:45
================================================================================
[2024-01-28T00:21:44.671+0000] {manager.py:887} INFO - 
================================================================================
DAG File Processing Stats

File Path                                   PID    Runtime      # DAGs    # Errors  Last Runtime    Last Run
------------------------------------------  -----  ---------  --------  ----------  --------------  -------------------
/opt/airflow/dags/load_student_json_dag.py                           0           0  0.28s           2024-01-28T00:21:15
================================================================================
